#BEGIN Configuration used. Extracted from "/home/cs6290/sesc/confs/cmp4-noc-L1NXLRU.conf":
cpucore[0:3]='issueX'
NoMigration=true
pageSize  =4096
procsPerNode=4
technology='techParam'
[BPredIssueX]
Metasize  =2048
MetaBits  =2
l2Bits    =1
btbAssoc  =2
l2size    =2048
btbBsize  =1
btbSize   =256
localSize =2048
btbReplPolicy='LRU'
localBits =2
BTACDelay =0
historySize=8
type      ='Hybrid'
rasSize   =32
[L2Slice]
numPorts  =2
assoc     =16
numPortsDir=1
inclusive =false
writePolicy='WB'
size      =1048576
deviceType='slicecache'
hitDelayDir=1
MSHR      ='L2MSHR'
missDelay =12
lowerLevel="Router RTR sharedBy 1"
portOccp  =1
replPolicy='LRU'
hitDelay  =12
portOccpDir=1
bsize     =64
[FPClusterIssueX]
fpDivLat  =20
wakeupDelay=2
schedPortOccp=1
fpMultUnit='FPIssueX'
recycleAt ='Execute'
wakeUpPortOccp=1
fpALUUnit ='FPIssueX'
fpDivUnit ='FPIssueX'
schedDelay=1
fpALULat  =1
fpMultLat =8
wakeUpNumPorts=4
winSize   =16
schedNumPorts=4
[issueX]
renameDelay=1
frequency =1.000000e+09
bpred     ='BPredIssueX'
interClusterLat=2
dtlb      ='FXDTLB'
maxBranches=32
intRegs   =64
fetchWidth=2
instQueueSize=32
itlb      ='FXITLB'
bb4Cycle  =1
decodeDelay=2
dataSource="DMemory DL1"
inorder   =false
enableICache=true
retireWidth=2
robSize   =64
maxLoads  =44
instrSource="IMemory IL1"
fpRegs    =64
maxIRequests=4
issueWidth=2
regFileDelay=1
OSType    ='dummy'
stForwardDelay=1
cluster[1:1]='FPClusterIssueX'
cluster   ='FXClusterIssueX'
maxStores =36
[NOC]
booksim_output='booksim.log'
deviceType='booksim'
booksim_sample=1000000
booksim_config='mesh22.booksim'
lowerLevel="MemoryCtrl MemCtrl shared"
[FXITLB]
size      =512
assoc     =4
replPolicy='LRU'
bsize     =8
deviceType='cache'
[DMemory]
bsize     =64
hitDelay  =1
deviceType='smpcache'
assoc     =4
lowerLevel="Router RTR sharedBy 1"
sideLowerLevel="L2Slice L2S"
MSHR      ='DMSHR'
size      =1024
portOccp  =1
protocol  ='DMESI'
missDelay =1
numPorts  =2
replPolicy='NXLRU'
[MemoryCtrl]
numPorts  =8
lowerLevel="MemoryBus MemoryBus"
delay     =1
deviceType='memoryController'
portOccp  =1
[Memory]
size      =64
replPolicy='LRU'
MSHR      ='NoMSHR'
portOccp  =1
assoc     =1
bsize     =64
deviceType='niceCache'
numPorts  =1
lowerLevel='voidDevice'
missDelay =10000
hitDelay  =200
[IMemory]
lowerLevel="Router RTR sharedBy 1"
bsize     =64
protocol  ='DMESI'
portOccp  =1
size      =32768
MSHR      ='iMSHR'
hitDelay  =1
replPolicy='LRU'
assoc     =4
numPorts  =1
deviceType='icache'
sideLowerLevel=''
missDelay =1
[MemoryBus]
lowerLevel="Memory Memory"
deviceType='bus'
numPorts  =8
portOccp  =8
delay     =5
[FXDTLB]
deviceType='cache'
bsize     =8
assoc     =4
replPolicy='LRU'
size      =512
[FXClusterIssueX]
wakeUpPortOccp=1
iBJUnit   ='ALUIssueX'
iStoreUnit='LDSTIssueX'
iDivLat   =12
winSize   =56
iALUUnit  ='ALUIssueX'
iALULat   =1
schedNumPorts=4
schedDelay=1
iLoadLat  =1
iLoadUnit ='LDSTIssueX'
iMultLat  =4
wakeUpNumPorts=4
iBJLat    =1
iStoreLat =1
iMultUnit ='ALUIssueX'
iDivUnit  ='ALUIssueX'
recycleAt ='Execute'
schedPortOccp=1
wakeupDelay=2
[NoMSHR]
bsize     =64
size      =128
type      ='none'
[L2MSHR]
bsize     =64
size      =64
type      ='single'
[DMSHR]
bsize     =64
type      ='single'
size      =64
[Router]
dimY      =2
numPorts  =2
deviceType='router'
lowerLevel="NOC NOC shared"
portOccp  =1
delay     =1
dimX      =2
[iMSHR]
type      ='single'
size      =32
bsize     =64
[FPIssueX]
Num       =2
Occ       =1
[voidDevice]
deviceType='void'
[LDSTIssueX]
Occ       =1
Num       =1
[FileSys]
mount     ='/bin=/mipsroot/tools/bin:/lib=/mipsroot/tools/lib:/tools=/mipsroot/tools'
[ALUIssueX]
Num       =1
Occ       =1
[techParam]
frequency =1.000000e+09
#END Configuration used. Extracted from "/home/cs6290/sesc/confs/cmp4-noc-L1NXLRU.conf":
OSSim:beginTime=Sat Oct 17 21:23:30 2020

OSSim:bench=/home/cs6290/sesc/sesc.opt -f n32.L1NXLRU.rpt -c /home/cs6290/sesc/confs/cmp4-noc-L1NXLRU.conf -olu.out -elu.err lu.mipseb -n32 -p1 
OSSim:benchName=lu.mipseb
ProcessId(0):totalTime=553142:waitTime=0:spawnTime=0:exitTime=553142:Switchs=1
ProcessId(0):cpu=0:migrable=false:pinned=true:pid=0:ppid=-1:parentId=-1
ProcessId:nSwitchs=1:nSpawns=0:nGradInsts=323669:nWPathInsts=0
Proc(0):clockTicks=553219
Proc(1):clockTicks=0
Proc(2):clockTicks=0
Proc(3):clockTicks=0
OSSim:reportName=Final
OSSim:msecs=    1.10:nCPUs=4:nCycles=553220
OSSim:pseudoreset=0
BEGIN GStats::report Final
Read_U=0
Read_S=0
Read_E=0
Read_bS=0
Read_bE=0
Read_bS_H=0
Read_bE_H=0
Write_U=0
Write_S=0
Write_E=0
Write_bS=0
Write_bE=0
Write_bS_H=0
Write_bE_H=0
P(0)_DL1:readHit=93994
P(0)_DL1:writeHit=28984
P(0)_DL1:readMiss=3828
P(0)_DL1:writeMiss=964
P(0)_DL1:readHalfMiss=8578
P(0)_DL1:writeHalfMiss=1584
P(0)_DL1:writeBack=2880
P(0)_DL1:linePush=0
P(0)_DL1:lineFill=4792
P(0)_DL1:readRetry=2519
P(0)_DL1:writeRetry=819
P(0)_DL1:invalDirty=0
P(0)_DL1:allocDirty=2880
P(0)_RTR_CTRLmsgCntHist(1)=2378
P(0)_RTR_CTRLmsgCntHist(2)=2841
P(0)_RTR_CTRLmsgCntHist(3)=1076
P(0)_RTR_CTRLmsgCntHist_MaxKey=3
P(0)_RTR_CTRLmsgCntHist_Avg=1.793169
P(0)_RTR_CTRLmsgCntHist_Samples=6295
P(0)_RTR_CTRLmsgS1Hist(1)=0
P(0)_RTR_CTRLmsgS1Hist(2)=25668
P(0)_RTR_CTRLmsgS1Hist(3)=12966
P(0)_RTR_CTRLmsgS1Hist_MaxKey=3
P(0)_RTR_CTRLmsgS1Hist_Avg=2.335611
P(0)_RTR_CTRLmsgS1Hist_Samples=38634
P(0)_RTR_CTRLmsgS2Hist(1)=0
P(0)_RTR_CTRLmsgS2Hist(2)=232240
P(0)_RTR_CTRLmsgS2Hist(3)=156340
P(0)_RTR_CTRLmsgS2Hist_MaxKey=3
P(0)_RTR_CTRLmsgS2Hist_Avg=2.402337
P(0)_RTR_CTRLmsgS2Hist_Samples=388580
P(0)_RTR_DATAmsgCntHist(1)=2378
P(0)_RTR_DATAmsgCntHist(2)=3097
P(0)_RTR_DATAmsgCntHist(3)=1204
P(0)_RTR_DATAmsgCntHist_MaxKey=3
P(0)_RTR_DATAmsgCntHist_Avg=1.824225
P(0)_RTR_DATAmsgCntHist_Samples=6679
P(0)_RTR_DATAmsgS1Hist(1)=0
P(0)_RTR_DATAmsgS1Hist(2)=40427
P(0)_RTR_DATAmsgS1Hist(3)=19329
P(0)_RTR_DATAmsgS1Hist_MaxKey=3
P(0)_RTR_DATAmsgS1Hist_Avg=2.323465
P(0)_RTR_DATAmsgS1Hist_Samples=59756
P(0)_RTR_DATAmsgS2Hist(1)=0
P(0)_RTR_DATAmsgS2Hist(2)=528169
P(0)_RTR_DATAmsgS2Hist(3)=310461
P(0)_RTR_DATAmsgS2Hist_MaxKey=3
P(0)_RTR_DATAmsgS2Hist_Avg=2.370200
P(0)_RTR_DATAmsgS2Hist_Samples=838630
NOC_MESH_CTRLmsgCntHist(2)=5938
NOC_MESH_CTRLmsgCntHist(3)=2280
NOC_MESH_CTRLmsgCntHist_MaxKey=3
NOC_MESH_CTRLmsgCntHist_Avg=2.277440
NOC_MESH_CTRLmsgCntHist_Samples=8218
NOC_MESH_CTRLmsgS1Hist(2)=47565
NOC_MESH_CTRLmsgS1Hist(3)=25116
NOC_MESH_CTRLmsgS1Hist_MaxKey=3
NOC_MESH_CTRLmsgS1Hist_Avg=2.345565
NOC_MESH_CTRLmsgS1Hist_Samples=72681
NOC_MESH_CTRLmsgS2Hist(2)=381203
NOC_MESH_CTRLmsgS2Hist(3)=276710
NOC_MESH_CTRLmsgS2Hist_MaxKey=3
NOC_MESH_CTRLmsgS2Hist_Avg=2.420588
NOC_MESH_CTRLmsgS2Hist_Samples=657913
NOC_MESH_DATAmsgCntHist(2)=5938
NOC_MESH_DATAmsgCntHist(3)=2280
NOC_MESH_DATAmsgCntHist_MaxKey=3
NOC_MESH_DATAmsgCntHist_Avg=2.277440
NOC_MESH_DATAmsgCntHist_Samples=8218
NOC_MESH_DATAmsgS1Hist(2)=71417
NOC_MESH_DATAmsgS1Hist(3)=34244
NOC_MESH_DATAmsgS1Hist_MaxKey=3
NOC_MESH_DATAmsgS1Hist_Avg=2.324093
NOC_MESH_DATAmsgS1Hist_Samples=105661
NOC_MESH_DATAmsgS2Hist(2)=859363
NOC_MESH_DATAmsgS2Hist(3)=514400
NOC_MESH_DATAmsgS2Hist_MaxKey=3
NOC_MESH_DATAmsgS2Hist_Avg=2.374446
NOC_MESH_DATAmsgS2Hist_Samples=1373763
DataP(0)_MemoryBus_occ:v=0:n=1063
CmdP(0)_MemoryBus_occ:v=0:n=1063
P(0)_Memory:readHalfMiss=0
P(0)_Memory:writeHalfMiss=0
P(0)_Memory:writeMiss=0
P(0)_Memory:readMiss=0
P(0)_Memory:readHit=1063
P(0)_Memory:writeHit=0
P(0)_Memory:writeBack=0
P(0)_Memory:lineFill=0
P(0)_Memory:linePush=0
P(0)_Memory:nForwarded=0
P(0)_Memory:nWBFull=0
P(0)_Memory_avgPendingWrites:v=0:n=0
P(0)_Memory_avgMissLat:v=0:n=0
P(0)_Memory:rejected=0
P(0)_Memory:rejectedHits=0
P(0)_Memory_MSHR0_MSHR:nUse=0
P(0)_Memory_MSHR0_MSHR:nUseReads=0
P(0)_Memory_MSHR0_MSHR:nUseWrites=0
P(0)_Memory_MSHR0_MSHR:nOverflows=0
P(0)_Memory_MSHR0_MSHR_maxUsedEntries:max=0:n=0
P(0)_Memory_MSHR0_MSHR:nCanAccept=0
P(0)_Memory_MSHR0_MSHR:nCanNotAccept=0
P(0)_Memory_MSHR0_MSHR:nCanNotAcceptConv=0
P(0)_Memory_MSHR0_MSHR:blockingCycles_AutoAvg=0.000000
P(0)_Memory_B0:nAccesses=1063
P(0)_Memory_occ:v=0:n=0
P(0)_Memory_B0_occ:v=0:n=0
P(0)_Memory_MSHR_B0_occ:v=0:n=0
P(0)_MemoryBus_AvgTime_MemRead:v=2.5:n=1690
P(0)_MemoryBus_AvgTime_MemWrite:v=0:n=0
P(0)_MemoryBus_AvgTime_MemPush:v=0:n=0
P(0)_MemoryBus_AvgTime_MemReadW:v=2.5:n=436
MemCtrl_bus_occ:v=0:n=1063
P(0)_RTR_bus_occ:v=0:n=13244
P(0)_L2S:readHalfMiss=0
P(0)_L2S:writeHalfMiss=0
P(0)_L2S:writeMiss=0
P(0)_L2S:readMiss=270
P(0)_L2S:readHit=983
P(0)_L2S:writeHit=0
P(0)_L2S:writeBack=0
P(0)_L2S:lineFill=270
P(0)_L2S:linePush=1125
P(0)_L2S:nForwarded=0
P(0)_L2S:nWBFull=0
P(0)_L2S_avgPendingWrites:v=0:n=0
P(0)_L2S_avgMissLat:v=210:n=270
P(0)_L2S:rejected=0
P(0)_L2S:rejectedHits=0
P(0)_L2S_DIR_occ:v=0:n=1125
P(0)_L2S_MSHR0_MSHR:nUse=270
P(0)_L2S_MSHR0_MSHR:nUseReads=270
P(0)_L2S_MSHR0_MSHR:nUseWrites=0
P(0)_L2S_MSHR0_MSHR:nOverflows=0
P(0)_L2S_MSHR0_MSHR_maxUsedEntries:max=2:n=270
P(0)_L2S_MSHR0_MSHR:nCanAccept=0
P(0)_L2S_MSHR0_MSHR:nCanNotAccept=0
P(0)_L2S_MSHR0_MSHR:nCanNotAcceptConv=0
P(0)_L2S_MSHR0_MSHR:blockingCycles_AutoAvg=0.000000
P(0)_L2S_MSHR0_MSHR_avgOverflowConsumptions:v=0:n=0
P(0)_L2S_MSHR0_MSHR_maxOutsReqs:max=2:n=270
P(0)_L2S_MSHR0_MSHR_avgReqsPerLine:v=1:n=270
P(0)_L2S_MSHR0_MSHR:nIssuesNewEntry=270
P(0)_L2S_MSHR0_MSHR:nCanNotAcceptSubEntryFull=0
P(0)_L2S_MSHR0_MSHR:nCanNotAcceptTooManyWrites=0
P(0)_L2S_MSHR0_MSHR_avgQueueSize:v=0:n=270
P(0)_L2S_MSHR0_MSHR_avgWritesPerLine:v=0:n=270
P(0)_L2S_MSHR0_MSHR_avgWritesPerLineComb:v=0:n=270
P(0)_L2S_MSHR0_MSHR:nOnlyWrites=0
P(0)_L2S_MSHR0_MSHR:nRetiredEntries=270
P(0)_L2S_MSHR0_MSHR:nRetiredEntriesWritten=0
P(0)_L2S_B0:nAccesses=0
P(0)_L2S_occ:v=0:n=2378
P(0)_L2S_B0_occ:v=0:n=2648
P(0)_L2S_MSHR_B0_occ:v=0:n=810
P(0)_DL1_occ:v=0.0734048:n=94081
P(0)_DL1_MSHR:nUse=80773
P(0)_DL1_MSHR:nUseReads=80773
P(0)_DL1_MSHR:nUseWrites=0
P(0)_DL1_MSHR:nOverflows=6
P(0)_DL1_MSHR_maxUsedEntries:max=9:n=70617
P(0)_DL1_MSHR:nCanAccept=29948
P(0)_DL1_MSHR:nCanNotAccept=0
P(0)_DL1_MSHR:nCanNotAcceptConv=0
P(0)_DL1_MSHR:blockingCycles(0)=553220
P(0)_DL1_MSHR:blockingCycles_AutoAvg=0.000000
P(0)_DL1_MSHR_avgOverflowConsumptions:v=6:n=1
P(0)_DL1_MSHR_maxOutsReqs:max=107:n=80773
P(0)_DL1_MSHR_avgReqsPerLine:v=1.14382:n=70617
P(0)_DL1_MSHR:nIssuesNewEntry=70617
P(0)_DL1_MSHR:nCanNotAcceptSubEntryFull=0
P(0)_DL1_MSHR:nCanNotAcceptTooManyWrites=0
P(0)_DL1_MSHR_avgQueueSize:v=2.37983:n=80773
P(0)_DL1_MSHR_avgWritesPerLine:v=0:n=70617
P(0)_DL1_MSHR_avgWritesPerLineComb:v=0:n=70617
P(0)_DL1_MSHR:nOnlyWrites=0
P(0)_DL1_MSHR:nRetiredEntries=70617
P(0)_DL1_MSHR:nRetiredEntriesWritten=0
P(0)_IL1:readHit=334738
P(0)_IL1:writeHit=0
P(0)_IL1:readMiss=762
P(0)_IL1:writeMiss=0
P(0)_IL1:readHalfMiss=1305
P(0)_IL1:writeHalfMiss=0
P(0)_IL1:writeBack=0
P(0)_IL1:linePush=0
P(0)_IL1:lineFill=762
P(0)_IL1:readRetry=0
P(0)_IL1:writeRetry=0
P(0)_IL1:invalDirty=0
P(0)_IL1:allocDirty=0
P(0)_IL1_occ:v=0.0244063:n=169874
P(0)_IL1_MSHR:nUse=168131
P(0)_IL1_MSHR:nUseReads=168131
P(0)_IL1_MSHR:nUseWrites=0
P(0)_IL1_MSHR:nOverflows=0
P(0)_IL1_MSHR_maxUsedEntries:max=3:n=166826
P(0)_IL1_MSHR:nCanAccept=0
P(0)_IL1_MSHR:nCanNotAccept=0
P(0)_IL1_MSHR:nCanNotAcceptConv=0
P(0)_IL1_MSHR:blockingCycles_AutoAvg=0.000000
P(0)_IL1_MSHR_avgOverflowConsumptions:v=0:n=0
P(0)_IL1_MSHR_maxOutsReqs:max=4:n=168131
P(0)_IL1_MSHR_avgReqsPerLine:v=1.00782:n=166826
P(0)_IL1_MSHR:nIssuesNewEntry=166826
P(0)_IL1_MSHR:nCanNotAcceptSubEntryFull=0
P(0)_IL1_MSHR:nCanNotAcceptTooManyWrites=0
P(0)_IL1_MSHR_avgQueueSize:v=0.137833:n=168131
P(0)_IL1_MSHR_avgWritesPerLine:v=0:n=166826
P(0)_IL1_MSHR_avgWritesPerLineComb:v=0:n=166826
P(0)_IL1_MSHR:nOnlyWrites=0
P(0)_IL1_MSHR:nRetiredEntries=166826
P(0)_IL1_MSHR:nRetiredEntriesWritten=0
LDSTQ(0)_ldldViolations=24
LDSTQ(0)_stldViolations=0
LDSTQ(0)_ststViolations=27
LDSTQ(0)_stldForwarding=50
Proc(0)_FXClusterIssueX:nReplay=1069
Proc(0)_FXClusterIssueX_wakeUp_occ:v=0.084866:n=601089
Proc(0)_FXClusterIssueX_sched_occ:v=0.00433196:n=299172
Proc(0)_FXClusterIssueX_winNotUsed:v=37.5478:n=299172
ALUIssueX(0)_occ:v=2.37583:n=210943
LDSTIssueX(0)_occ:v=0.778569:n=118177
FULoad(0)_ldqNotUsed:v=33.0647:n=58281
FULoad(0):nForwarded=7456
FUStore(0)_stqNotUsed:v=29.9975:n=29948
FUStore(0):nDeadStore=0
FUStore(0):nFences=0
FUStore(0):fenceStallCycles=0
Proc(0)_FPClusterIssueX:nReplay=0
Proc(0)_FPClusterIssueX_wakeUp_occ:v=0.0128873:n=46247
Proc(0)_FPClusterIssueX_sched_occ:v=0:n=24496
Proc(0)_FPClusterIssueX_winNotUsed:v=12.0877:n=24496
FPIssueX(0)_occ:v=0.0702155:n=24496
Proc(0)_robUsed:v=38.4134:n=553219
Processor(0)_noFetch=0
Processor(0)_noFetch2=385088
ExeEngine(0)_retired:v=0.781129:n=414359
ExeEngine(0):noRetOtherCause=0
Processor(0):nLocks=0
Processor(0):nLockContCycles=0
ExeEngine(0):nSmallWin=584
ExeEngine(0):nSmallROB=324652
ExeEngine(0):nSmallREG=0
ExeEngine(0):nOutsLoads=0
ExeEngine(0):nOutsStores=0
ExeEngine(0):nOutsBranches=0
ExeEngine(0):nReplays=0
ExeEngine(0):PortConflict=0
ExeEngine(0):switch=0
ExeEngine(0):noRetSelf_iOpInvalid_NotExecuted=0
ExeEngine(0):noRetSelf_iALU_NotExecuted=46954
ExeEngine(0):noRetSelf_iMult_NotExecuted=1354
ExeEngine(0):noRetSelf_iDiv_NotExecuted=764
ExeEngine(0):noRetSelf_iBJ_NotExecuted=5097
ExeEngine(0):noRetSelf_iLoad_NotExecuted=134584
ExeEngine(0):noRetSelf_iStore_NotExecuted=22433
ExeEngine(0):noRetSelf_fpALU_NotExecuted=10993
ExeEngine(0):noRetSelf_fpMult_NotExecuted=7623
ExeEngine(0):noRetSelf_fpDiv_NotExecuted=32677
ExeEngine(0):noRetSelf_iFence_NotExecuted=0
ExeEngine(0):noRetSelf_iLoad_NotFinished=0
ExeEngine(0):noRetSelf_iStore_NoCacheSpace=0
ExeEngine(0):noRetSelf_iStore_NoCachePorts=204
ExeEngine(0):noRetSelf_iStore_WaitForFence=0
ExeEngine(0):noRetSelf_iFence_NoCacheSpace=0
ExeEngine(0):noRetSelf_iFence_WaitForFence=0
ExeEngine(0):noRetOther_iOpInvalid_NotExecuted=0
ExeEngine(0):noRetOther_iALU_NotExecuted=38895
ExeEngine(0):noRetOther_iMult_NotExecuted=1137
ExeEngine(0):noRetOther_iDiv_NotExecuted=717
ExeEngine(0):noRetOther_iBJ_NotExecuted=3744
ExeEngine(0):noRetOther_iLoad_NotExecuted=130654
ExeEngine(0):noRetOther_iStore_NotExecuted=17768
ExeEngine(0):noRetOther_fpALU_NotExecuted=9552
ExeEngine(0):noRetOther_fpMult_NotExecuted=7151
ExeEngine(0):noRetOther_fpDiv_NotExecuted=31635
ExeEngine(0):noRetOther_iFence_NotExecuted=0
ExeEngine(0):noRetOther_iLoad_NotFinished=0
ExeEngine(0):noRetOther_iStore_NoCacheSpace=0
ExeEngine(0):noRetOther_iStore_NoCachePorts=65
ExeEngine(0):noRetOther_iStore_WaitForFence=0
ExeEngine(0):noRetOther_iFence_NoCacheSpace=0
ExeEngine(0):noRetOther_iFence_WaitForFence=0
PendingWindow(0)_iOpInvalid:n=0
PendingWindow(0)_iALU:n=167689
PendingWindow(0)_iComplex:n=12527
PendingWindow(0)_iBJ:n=30727
PendingWindow(0)_iLoad:n=58281
PendingWindow(0)_iStore:n=29948
PendingWindow(0)_fpALU:n=12515
PendingWindow(0)_fpComplex:n=11981
PendingWindow(0)_other:n=0
FetchEngine(0)_avgBranchTime:v=61.6268:n=2744
FetchEngine(0)_avgInstsFetched:v=0:n=0
FetchEngine(0):nDelayInst1=338208
FetchEngine(0):nDelayInst2=11208
FetchEngine(0):nFetched=323668
FetchEngine(0):nBTAC=0
FetchEngine(0):szBB(48)=31
FetchEngine(0):szBB(1)=439
FetchEngine(0):szBB(2)=2051
FetchEngine(0):szBB(3)=4242
FetchEngine(0):szBB(4)=3300
FetchEngine(0):szBB(5)=862
FetchEngine(0):szBB(53)=1
FetchEngine(0):szBB(6)=313
FetchEngine(0):szBB(54)=1
FetchEngine(0):szBB(7)=257
FetchEngine(0):szBB(8)=157
FetchEngine(0):szBB(9)=142
FetchEngine(0):szBB(10)=2623
FetchEngine(0):szBB(11)=6790
FetchEngine(0):szBB(59)=5
FetchEngine(0):szBB(12)=5087
FetchEngine(0):szBB(13)=105
FetchEngine(0):szBB(14)=492
FetchEngine(0):szBB(15)=568
FetchEngine(0):szBB(16)=25
FetchEngine(0):szBB(17)=28
FetchEngine(0):szBB(18)=17
FetchEngine(0):szBB(19)=28
FetchEngine(0):szBB(20)=29
FetchEngine(0):szBB(21)=10
FetchEngine(0):szBB(22)=18
FetchEngine(0):szBB(23)=17
FetchEngine(0):szBB(24)=14
FetchEngine(0):szBB(25)=3
FetchEngine(0):szBB(26)=1
FetchEngine(0):szBB(27)=11
FetchEngine(0):szBB(28)=7
FetchEngine(0):szBB(76)=1
FetchEngine(0):szBB(29)=1024
FetchEngine(0):szBB(30)=992
FetchEngine(0):szBB(32)=1
FetchEngine(0):szBB(33)=9
FetchEngine(0):szBB(36)=1
FetchEngine(0):szBB(37)=1024
FetchEngine(0):szBB(39)=1
FetchEngine(0):szBB_MaxKey=76
FetchEngine(0):szBB_Avg=10.533407
FetchEngine(0):szBB_Samples=30727
FetchEngine(0):szFB(1)=86
FetchEngine(0):szFB(2)=451
FetchEngine(0):szFB(3)=254
FetchEngine(0):szFB(4)=1232
FetchEngine(0):szFB(5)=449
FetchEngine(0):szFB(6)=163
FetchEngine(0):szFB(7)=229
FetchEngine(0):szFB(8)=116
FetchEngine(0):szFB(9)=132
FetchEngine(0):szFB(10)=2181
FetchEngine(0):szFB(11)=5384
FetchEngine(0):szFB(12)=3546
FetchEngine(0):szFB(13)=84
FetchEngine(0):szFB(14)=137
FetchEngine(0):szFB(15)=1871
FetchEngine(0):szFB(16)=96
FetchEngine(0):szFB(17)=46
FetchEngine(0):szFB(18)=391
FetchEngine(0):szFB(19)=87
FetchEngine(0):szFB(20)=35
FetchEngine(0):szFB(21)=989
FetchEngine(0):szFB(22)=23
FetchEngine(0):szFB(23)=31
FetchEngine(0):szFB(24)=64
FetchEngine(0):szFB(25)=446
FetchEngine(0):szFB(26)=17
FetchEngine(0):szFB(27)=48
FetchEngine(0):szFB(28)=18
FetchEngine(0):szFB(29)=26
FetchEngine(0):szFB(30)=965
FetchEngine(0):szFB(31)=1041
FetchEngine(0):szFB(32)=34
FetchEngine(0):szFB(33)=5
FetchEngine(0):szFB(34)=4
FetchEngine(0):szFB(35)=16
FetchEngine(0):szFB(36)=7
FetchEngine(0):szFB(37)=1029
FetchEngine(0):szFB(38)=2
FetchEngine(0):szFB(40)=24
FetchEngine(0):szFB(41)=2
FetchEngine(0):szFB(43)=1
FetchEngine(0):szFB(44)=1
FetchEngine(0):szFB(45)=10
FetchEngine(0):szFB(46)=1
FetchEngine(0):szFB(47)=1
FetchEngine(0):szFB(48)=31
FetchEngine(0):szFB(49)=5
FetchEngine(0):szFB(51)=1
FetchEngine(0):szFB(56)=1
FetchEngine(0):szFB(57)=1
FetchEngine(0):szFB(58)=1
FetchEngine(0):szFB(59)=5
FetchEngine(0):szFB(61)=1
FetchEngine(0):szFB(72)=4
FetchEngine(0):szFB(78)=1
FetchEngine(0):szFB(80)=1
FetchEngine(0):szFB_MaxKey=80
FetchEngine(0):szFB_Avg=14.828424
FetchEngine(0):szFB_Samples=21827
FetchEngine(0):szFS(1)=12594
FetchEngine(0):szFS(2)=155537
FetchEngine(0):szFS_MaxKey=2
FetchEngine(0):szFS_Avg=1.925094
FetchEngine(0):szFS_Samples=168131
BPred(0)_RAS:nHit=3481
BPred(0)_RAS:nMiss=4
BPred(0):nBranches=30727
BPred(0):nTaken=21827
BPred(0):nMiss=2744
BPred(0)_Hybrid:nHit=24502
BPred(0)_Hybrid:nMiss=2740
BPred(0)_BTB:nHit=16998
BPred(0)_BTB:nMiss=744
P(1)_DL1:readHit=0
P(1)_DL1:writeHit=0
P(1)_DL1:readMiss=0
P(1)_DL1:writeMiss=0
P(1)_DL1:readHalfMiss=0
P(1)_DL1:writeHalfMiss=0
P(1)_DL1:writeBack=0
P(1)_DL1:linePush=0
P(1)_DL1:lineFill=0
P(1)_DL1:readRetry=0
P(1)_DL1:writeRetry=0
P(1)_DL1:invalDirty=0
P(1)_DL1:allocDirty=0
P(1)_RTR_CTRLmsgCntHist(2)=1999
P(1)_RTR_CTRLmsgCntHist_MaxKey=2
P(1)_RTR_CTRLmsgCntHist_Avg=2.000000
P(1)_RTR_CTRLmsgCntHist_Samples=1999
P(1)_RTR_CTRLmsgS1Hist(2)=19701
P(1)_RTR_CTRLmsgS1Hist_MaxKey=2
P(1)_RTR_CTRLmsgS1Hist_Avg=2.000000
P(1)_RTR_CTRLmsgS1Hist_Samples=19701
P(1)_RTR_CTRLmsgS2Hist(2)=201169
P(1)_RTR_CTRLmsgS2Hist_MaxKey=2
P(1)_RTR_CTRLmsgS2Hist_Avg=2.000000
P(1)_RTR_CTRLmsgS2Hist_Samples=201169
P(1)_RTR_DATAmsgCntHist(2)=1871
P(1)_RTR_DATAmsgCntHist_MaxKey=2
P(1)_RTR_DATAmsgCntHist_Avg=2.000000
P(1)_RTR_DATAmsgCntHist_Samples=1871
P(1)_RTR_DATAmsgS1Hist(2)=24581
P(1)_RTR_DATAmsgS1Hist_MaxKey=2
P(1)_RTR_DATAmsgS1Hist_Avg=2.000000
P(1)_RTR_DATAmsgS1Hist_Samples=24581
P(1)_RTR_DATAmsgS2Hist(2)=323845
P(1)_RTR_DATAmsgS2Hist_MaxKey=2
P(1)_RTR_DATAmsgS2Hist_Avg=2.000000
P(1)_RTR_DATAmsgS2Hist_Samples=323845
P(1)_RTR_bus_occ:v=0:n=4131
P(1)_L2S:readHalfMiss=0
P(1)_L2S:writeHalfMiss=0
P(1)_L2S:writeMiss=0
P(1)_L2S:readMiss=261
P(1)_L2S:readHit=1738
P(1)_L2S:writeHit=0
P(1)_L2S:writeBack=0
P(1)_L2S:lineFill=261
P(1)_L2S:linePush=1871
P(1)_L2S:nForwarded=0
P(1)_L2S:nWBFull=0
P(1)_L2S_avgPendingWrites:v=0:n=0
P(1)_L2S_avgMissLat:v=210:n=261
P(1)_L2S:rejected=0
P(1)_L2S:rejectedHits=0
P(1)_L2S_DIR_occ:v=0:n=1871
P(1)_L2S_MSHR0_MSHR:nUse=261
P(1)_L2S_MSHR0_MSHR:nUseReads=261
P(1)_L2S_MSHR0_MSHR:nUseWrites=0
P(1)_L2S_MSHR0_MSHR:nOverflows=0
P(1)_L2S_MSHR0_MSHR_maxUsedEntries:max=2:n=261
P(1)_L2S_MSHR0_MSHR:nCanAccept=0
P(1)_L2S_MSHR0_MSHR:nCanNotAccept=0
P(1)_L2S_MSHR0_MSHR:nCanNotAcceptConv=0
P(1)_L2S_MSHR0_MSHR:blockingCycles_AutoAvg=0.000000
P(1)_L2S_MSHR0_MSHR_avgOverflowConsumptions:v=0:n=0
P(1)_L2S_MSHR0_MSHR_maxOutsReqs:max=2:n=261
P(1)_L2S_MSHR0_MSHR_avgReqsPerLine:v=1:n=261
P(1)_L2S_MSHR0_MSHR:nIssuesNewEntry=261
P(1)_L2S_MSHR0_MSHR:nCanNotAcceptSubEntryFull=0
P(1)_L2S_MSHR0_MSHR:nCanNotAcceptTooManyWrites=0
P(1)_L2S_MSHR0_MSHR_avgQueueSize:v=0:n=261
P(1)_L2S_MSHR0_MSHR_avgWritesPerLine:v=0:n=261
P(1)_L2S_MSHR0_MSHR_avgWritesPerLineComb:v=0:n=261
P(1)_L2S_MSHR0_MSHR:nOnlyWrites=0
P(1)_L2S_MSHR0_MSHR:nRetiredEntries=261
P(1)_L2S_MSHR0_MSHR:nRetiredEntriesWritten=0
P(1)_L2S_B0:nAccesses=0
P(1)_L2S_occ:v=0:n=3870
P(1)_L2S_B0_occ:v=0:n=4131
P(1)_L2S_MSHR_B0_occ:v=0:n=783
P(1)_DL1_occ:v=0:n=0
P(1)_DL1_MSHR:nUse=0
P(1)_DL1_MSHR:nUseReads=0
P(1)_DL1_MSHR:nUseWrites=0
P(1)_DL1_MSHR:nOverflows=0
P(1)_DL1_MSHR_maxUsedEntries:max=0:n=0
P(1)_DL1_MSHR:nCanAccept=0
P(1)_DL1_MSHR:nCanNotAccept=0
P(1)_DL1_MSHR:nCanNotAcceptConv=0
P(1)_DL1_MSHR:blockingCycles_AutoAvg=0.000000
P(1)_DL1_MSHR_avgOverflowConsumptions:v=0:n=0
P(1)_DL1_MSHR_maxOutsReqs:max=0:n=0
P(1)_DL1_MSHR_avgReqsPerLine:v=0:n=0
P(1)_DL1_MSHR:nIssuesNewEntry=0
P(1)_DL1_MSHR:nCanNotAcceptSubEntryFull=0
P(1)_DL1_MSHR:nCanNotAcceptTooManyWrites=0
P(1)_DL1_MSHR_avgQueueSize:v=0:n=0
P(1)_DL1_MSHR_avgWritesPerLine:v=0:n=0
P(1)_DL1_MSHR_avgWritesPerLineComb:v=0:n=0
P(1)_DL1_MSHR:nOnlyWrites=0
P(1)_DL1_MSHR:nRetiredEntries=0
P(1)_DL1_MSHR:nRetiredEntriesWritten=0
P(1)_IL1:readHit=0
P(1)_IL1:writeHit=0
P(1)_IL1:readMiss=0
P(1)_IL1:writeMiss=0
P(1)_IL1:readHalfMiss=0
P(1)_IL1:writeHalfMiss=0
P(1)_IL1:writeBack=0
P(1)_IL1:linePush=0
P(1)_IL1:lineFill=0
P(1)_IL1:readRetry=0
P(1)_IL1:writeRetry=0
P(1)_IL1:invalDirty=0
P(1)_IL1:allocDirty=0
P(1)_IL1_occ:v=0:n=0
P(1)_IL1_MSHR:nUse=0
P(1)_IL1_MSHR:nUseReads=0
P(1)_IL1_MSHR:nUseWrites=0
P(1)_IL1_MSHR:nOverflows=0
P(1)_IL1_MSHR_maxUsedEntries:max=0:n=0
P(1)_IL1_MSHR:nCanAccept=0
P(1)_IL1_MSHR:nCanNotAccept=0
P(1)_IL1_MSHR:nCanNotAcceptConv=0
P(1)_IL1_MSHR:blockingCycles_AutoAvg=0.000000
P(1)_IL1_MSHR_avgOverflowConsumptions:v=0:n=0
P(1)_IL1_MSHR_maxOutsReqs:max=0:n=0
P(1)_IL1_MSHR_avgReqsPerLine:v=0:n=0
P(1)_IL1_MSHR:nIssuesNewEntry=0
P(1)_IL1_MSHR:nCanNotAcceptSubEntryFull=0
P(1)_IL1_MSHR:nCanNotAcceptTooManyWrites=0
P(1)_IL1_MSHR_avgQueueSize:v=0:n=0
P(1)_IL1_MSHR_avgWritesPerLine:v=0:n=0
P(1)_IL1_MSHR_avgWritesPerLineComb:v=0:n=0
P(1)_IL1_MSHR:nOnlyWrites=0
P(1)_IL1_MSHR:nRetiredEntries=0
P(1)_IL1_MSHR:nRetiredEntriesWritten=0
LDSTQ(1)_ldldViolations=0
LDSTQ(1)_stldViolations=0
LDSTQ(1)_ststViolations=0
LDSTQ(1)_stldForwarding=0
Proc(1)_FXClusterIssueX:nReplay=0
Proc(1)_FXClusterIssueX_wakeUp_occ:v=0:n=0
Proc(1)_FXClusterIssueX_sched_occ:v=0:n=0
Proc(1)_FXClusterIssueX_winNotUsed:v=0:n=0
ALUIssueX(1)_occ:v=0:n=0
LDSTIssueX(1)_occ:v=0:n=0
FULoad(1)_ldqNotUsed:v=0:n=0
FULoad(1):nForwarded=0
FUStore(1)_stqNotUsed:v=0:n=0
FUStore(1):nDeadStore=0
FUStore(1):nFences=0
FUStore(1):fenceStallCycles=0
Proc(1)_FPClusterIssueX:nReplay=0
Proc(1)_FPClusterIssueX_wakeUp_occ:v=0:n=0
Proc(1)_FPClusterIssueX_sched_occ:v=0:n=0
Proc(1)_FPClusterIssueX_winNotUsed:v=0:n=0
FPIssueX(1)_occ:v=0:n=0
Proc(1)_robUsed:v=0:n=0
Processor(1)_noFetch=0
Processor(1)_noFetch2=0
ExeEngine(1)_retired:v=0:n=0
ExeEngine(1):noRetOtherCause=0
Processor(1):nLocks=0
Processor(1):nLockContCycles=0
ExeEngine(1):nSmallWin=0
ExeEngine(1):nSmallROB=0
ExeEngine(1):nSmallREG=0
ExeEngine(1):nOutsLoads=0
ExeEngine(1):nOutsStores=0
ExeEngine(1):nOutsBranches=0
ExeEngine(1):nReplays=0
ExeEngine(1):PortConflict=0
ExeEngine(1):switch=0
ExeEngine(1):noRetSelf_iOpInvalid_NotExecuted=0
ExeEngine(1):noRetSelf_iALU_NotExecuted=0
ExeEngine(1):noRetSelf_iMult_NotExecuted=0
ExeEngine(1):noRetSelf_iDiv_NotExecuted=0
ExeEngine(1):noRetSelf_iBJ_NotExecuted=0
ExeEngine(1):noRetSelf_iLoad_NotExecuted=0
ExeEngine(1):noRetSelf_iStore_NotExecuted=0
ExeEngine(1):noRetSelf_fpALU_NotExecuted=0
ExeEngine(1):noRetSelf_fpMult_NotExecuted=0
ExeEngine(1):noRetSelf_fpDiv_NotExecuted=0
ExeEngine(1):noRetSelf_iFence_NotExecuted=0
ExeEngine(1):noRetSelf_iLoad_NotFinished=0
ExeEngine(1):noRetSelf_iStore_NoCacheSpace=0
ExeEngine(1):noRetSelf_iStore_NoCachePorts=0
ExeEngine(1):noRetSelf_iStore_WaitForFence=0
ExeEngine(1):noRetSelf_iFence_NoCacheSpace=0
ExeEngine(1):noRetSelf_iFence_WaitForFence=0
ExeEngine(1):noRetOther_iOpInvalid_NotExecuted=0
ExeEngine(1):noRetOther_iALU_NotExecuted=0
ExeEngine(1):noRetOther_iMult_NotExecuted=0
ExeEngine(1):noRetOther_iDiv_NotExecuted=0
ExeEngine(1):noRetOther_iBJ_NotExecuted=0
ExeEngine(1):noRetOther_iLoad_NotExecuted=0
ExeEngine(1):noRetOther_iStore_NotExecuted=0
ExeEngine(1):noRetOther_fpALU_NotExecuted=0
ExeEngine(1):noRetOther_fpMult_NotExecuted=0
ExeEngine(1):noRetOther_fpDiv_NotExecuted=0
ExeEngine(1):noRetOther_iFence_NotExecuted=0
ExeEngine(1):noRetOther_iLoad_NotFinished=0
ExeEngine(1):noRetOther_iStore_NoCacheSpace=0
ExeEngine(1):noRetOther_iStore_NoCachePorts=0
ExeEngine(1):noRetOther_iStore_WaitForFence=0
ExeEngine(1):noRetOther_iFence_NoCacheSpace=0
ExeEngine(1):noRetOther_iFence_WaitForFence=0
PendingWindow(1)_iOpInvalid:n=0
PendingWindow(1)_iALU:n=0
PendingWindow(1)_iComplex:n=0
PendingWindow(1)_iBJ:n=0
PendingWindow(1)_iLoad:n=0
PendingWindow(1)_iStore:n=0
PendingWindow(1)_fpALU:n=0
PendingWindow(1)_fpComplex:n=0
PendingWindow(1)_other:n=0
FetchEngine(1)_avgBranchTime:v=0:n=0
FetchEngine(1)_avgInstsFetched:v=0:n=0
FetchEngine(1):nDelayInst1=0
FetchEngine(1):nDelayInst2=0
FetchEngine(1):nFetched=0
FetchEngine(1):nBTAC=0
FetchEngine(1):szBB_MaxKey=0
FetchEngine(1):szBB_Avg=-nan
FetchEngine(1):szBB_Samples=0
FetchEngine(1):szFB_MaxKey=0
FetchEngine(1):szFB_Avg=-nan
FetchEngine(1):szFB_Samples=0
FetchEngine(1):szFS_MaxKey=0
FetchEngine(1):szFS_Avg=-nan
FetchEngine(1):szFS_Samples=0
BPred(1)_RAS:nHit=0
BPred(1)_RAS:nMiss=0
BPred(1):nBranches=0
BPred(1):nTaken=0
BPred(1):nMiss=0
BPred(1)_Hybrid:nHit=0
BPred(1)_Hybrid:nMiss=0
BPred(1)_BTB:nHit=0
BPred(1)_BTB:nMiss=0
P(2)_DL1:readHit=0
P(2)_DL1:writeHit=0
P(2)_DL1:readMiss=0
P(2)_DL1:writeMiss=0
P(2)_DL1:readHalfMiss=0
P(2)_DL1:writeHalfMiss=0
P(2)_DL1:writeBack=0
P(2)_DL1:linePush=0
P(2)_DL1:lineFill=0
P(2)_DL1:readRetry=0
P(2)_DL1:writeRetry=0
P(2)_DL1:invalDirty=0
P(2)_DL1:allocDirty=0
P(2)_RTR_CTRLmsgCntHist(2)=1098
P(2)_RTR_CTRLmsgCntHist_MaxKey=2
P(2)_RTR_CTRLmsgCntHist_Avg=2.000000
P(2)_RTR_CTRLmsgCntHist_Samples=1098
P(2)_RTR_CTRLmsgS1Hist(2)=10044
P(2)_RTR_CTRLmsgS1Hist_MaxKey=2
P(2)_RTR_CTRLmsgS1Hist_Avg=2.000000
P(2)_RTR_CTRLmsgS1Hist_Samples=10044
P(2)_RTR_CTRLmsgS2Hist(2)=92636
P(2)_RTR_CTRLmsgS2Hist_MaxKey=2
P(2)_RTR_CTRLmsgS2Hist_Avg=2.000000
P(2)_RTR_CTRLmsgS2Hist_Samples=92636
P(2)_RTR_DATAmsgCntHist(2)=970
P(2)_RTR_DATAmsgCntHist_MaxKey=2
P(2)_RTR_DATAmsgCntHist_Avg=2.000000
P(2)_RTR_DATAmsgCntHist_Samples=970
P(2)_RTR_DATAmsgS1Hist(2)=12759
P(2)_RTR_DATAmsgS1Hist_MaxKey=2
P(2)_RTR_DATAmsgS1Hist_Avg=2.000000
P(2)_RTR_DATAmsgS1Hist_Samples=12759
P(2)_RTR_DATAmsgS2Hist(2)=168353
P(2)_RTR_DATAmsgS2Hist_MaxKey=2
P(2)_RTR_DATAmsgS2Hist_Avg=2.000000
P(2)_RTR_DATAmsgS2Hist_Samples=168353
P(2)_RTR_bus_occ:v=0:n=2337
P(2)_L2S:readHalfMiss=0
P(2)_L2S:writeHalfMiss=0
P(2)_L2S:writeMiss=0
P(2)_L2S:readMiss=269
P(2)_L2S:readHit=829
P(2)_L2S:writeHit=0
P(2)_L2S:writeBack=0
P(2)_L2S:lineFill=269
P(2)_L2S:linePush=970
P(2)_L2S:nForwarded=0
P(2)_L2S:nWBFull=0
P(2)_L2S_avgPendingWrites:v=0:n=0
P(2)_L2S_avgMissLat:v=210:n=269
P(2)_L2S:rejected=0
P(2)_L2S:rejectedHits=0
P(2)_L2S_DIR_occ:v=0:n=970
P(2)_L2S_MSHR0_MSHR:nUse=269
P(2)_L2S_MSHR0_MSHR:nUseReads=269
P(2)_L2S_MSHR0_MSHR:nUseWrites=0
P(2)_L2S_MSHR0_MSHR:nOverflows=0
P(2)_L2S_MSHR0_MSHR_maxUsedEntries:max=3:n=269
P(2)_L2S_MSHR0_MSHR:nCanAccept=0
P(2)_L2S_MSHR0_MSHR:nCanNotAccept=0
P(2)_L2S_MSHR0_MSHR:nCanNotAcceptConv=0
P(2)_L2S_MSHR0_MSHR:blockingCycles_AutoAvg=0.000000
P(2)_L2S_MSHR0_MSHR_avgOverflowConsumptions:v=0:n=0
P(2)_L2S_MSHR0_MSHR_maxOutsReqs:max=3:n=269
P(2)_L2S_MSHR0_MSHR_avgReqsPerLine:v=1:n=269
P(2)_L2S_MSHR0_MSHR:nIssuesNewEntry=269
P(2)_L2S_MSHR0_MSHR:nCanNotAcceptSubEntryFull=0
P(2)_L2S_MSHR0_MSHR:nCanNotAcceptTooManyWrites=0
P(2)_L2S_MSHR0_MSHR_avgQueueSize:v=0:n=269
P(2)_L2S_MSHR0_MSHR_avgWritesPerLine:v=0:n=269
P(2)_L2S_MSHR0_MSHR_avgWritesPerLineComb:v=0:n=269
P(2)_L2S_MSHR0_MSHR:nOnlyWrites=0
P(2)_L2S_MSHR0_MSHR:nRetiredEntries=269
P(2)_L2S_MSHR0_MSHR:nRetiredEntriesWritten=0
P(2)_L2S_B0:nAccesses=0
P(2)_L2S_occ:v=0:n=2068
P(2)_L2S_B0_occ:v=0:n=2337
P(2)_L2S_MSHR_B0_occ:v=0:n=807
P(2)_DL1_occ:v=0:n=0
P(2)_DL1_MSHR:nUse=0
P(2)_DL1_MSHR:nUseReads=0
P(2)_DL1_MSHR:nUseWrites=0
P(2)_DL1_MSHR:nOverflows=0
P(2)_DL1_MSHR_maxUsedEntries:max=0:n=0
P(2)_DL1_MSHR:nCanAccept=0
P(2)_DL1_MSHR:nCanNotAccept=0
P(2)_DL1_MSHR:nCanNotAcceptConv=0
P(2)_DL1_MSHR:blockingCycles_AutoAvg=0.000000
P(2)_DL1_MSHR_avgOverflowConsumptions:v=0:n=0
P(2)_DL1_MSHR_maxOutsReqs:max=0:n=0
P(2)_DL1_MSHR_avgReqsPerLine:v=0:n=0
P(2)_DL1_MSHR:nIssuesNewEntry=0
P(2)_DL1_MSHR:nCanNotAcceptSubEntryFull=0
P(2)_DL1_MSHR:nCanNotAcceptTooManyWrites=0
P(2)_DL1_MSHR_avgQueueSize:v=0:n=0
P(2)_DL1_MSHR_avgWritesPerLine:v=0:n=0
P(2)_DL1_MSHR_avgWritesPerLineComb:v=0:n=0
P(2)_DL1_MSHR:nOnlyWrites=0
P(2)_DL1_MSHR:nRetiredEntries=0
P(2)_DL1_MSHR:nRetiredEntriesWritten=0
P(2)_IL1:readHit=0
P(2)_IL1:writeHit=0
P(2)_IL1:readMiss=0
P(2)_IL1:writeMiss=0
P(2)_IL1:readHalfMiss=0
P(2)_IL1:writeHalfMiss=0
P(2)_IL1:writeBack=0
P(2)_IL1:linePush=0
P(2)_IL1:lineFill=0
P(2)_IL1:readRetry=0
P(2)_IL1:writeRetry=0
P(2)_IL1:invalDirty=0
P(2)_IL1:allocDirty=0
P(2)_IL1_occ:v=0:n=0
P(2)_IL1_MSHR:nUse=0
P(2)_IL1_MSHR:nUseReads=0
P(2)_IL1_MSHR:nUseWrites=0
P(2)_IL1_MSHR:nOverflows=0
P(2)_IL1_MSHR_maxUsedEntries:max=0:n=0
P(2)_IL1_MSHR:nCanAccept=0
P(2)_IL1_MSHR:nCanNotAccept=0
P(2)_IL1_MSHR:nCanNotAcceptConv=0
P(2)_IL1_MSHR:blockingCycles_AutoAvg=0.000000
P(2)_IL1_MSHR_avgOverflowConsumptions:v=0:n=0
P(2)_IL1_MSHR_maxOutsReqs:max=0:n=0
P(2)_IL1_MSHR_avgReqsPerLine:v=0:n=0
P(2)_IL1_MSHR:nIssuesNewEntry=0
P(2)_IL1_MSHR:nCanNotAcceptSubEntryFull=0
P(2)_IL1_MSHR:nCanNotAcceptTooManyWrites=0
P(2)_IL1_MSHR_avgQueueSize:v=0:n=0
P(2)_IL1_MSHR_avgWritesPerLine:v=0:n=0
P(2)_IL1_MSHR_avgWritesPerLineComb:v=0:n=0
P(2)_IL1_MSHR:nOnlyWrites=0
P(2)_IL1_MSHR:nRetiredEntries=0
P(2)_IL1_MSHR:nRetiredEntriesWritten=0
LDSTQ(2)_ldldViolations=0
LDSTQ(2)_stldViolations=0
LDSTQ(2)_ststViolations=0
LDSTQ(2)_stldForwarding=0
Proc(2)_FXClusterIssueX:nReplay=0
Proc(2)_FXClusterIssueX_wakeUp_occ:v=0:n=0
Proc(2)_FXClusterIssueX_sched_occ:v=0:n=0
Proc(2)_FXClusterIssueX_winNotUsed:v=0:n=0
ALUIssueX(2)_occ:v=0:n=0
LDSTIssueX(2)_occ:v=0:n=0
FULoad(2)_ldqNotUsed:v=0:n=0
FULoad(2):nForwarded=0
FUStore(2)_stqNotUsed:v=0:n=0
FUStore(2):nDeadStore=0
FUStore(2):nFences=0
FUStore(2):fenceStallCycles=0
Proc(2)_FPClusterIssueX:nReplay=0
Proc(2)_FPClusterIssueX_wakeUp_occ:v=0:n=0
Proc(2)_FPClusterIssueX_sched_occ:v=0:n=0
Proc(2)_FPClusterIssueX_winNotUsed:v=0:n=0
FPIssueX(2)_occ:v=0:n=0
Proc(2)_robUsed:v=0:n=0
Processor(2)_noFetch=0
Processor(2)_noFetch2=0
ExeEngine(2)_retired:v=0:n=0
ExeEngine(2):noRetOtherCause=0
Processor(2):nLocks=0
Processor(2):nLockContCycles=0
ExeEngine(2):nSmallWin=0
ExeEngine(2):nSmallROB=0
ExeEngine(2):nSmallREG=0
ExeEngine(2):nOutsLoads=0
ExeEngine(2):nOutsStores=0
ExeEngine(2):nOutsBranches=0
ExeEngine(2):nReplays=0
ExeEngine(2):PortConflict=0
ExeEngine(2):switch=0
ExeEngine(2):noRetSelf_iOpInvalid_NotExecuted=0
ExeEngine(2):noRetSelf_iALU_NotExecuted=0
ExeEngine(2):noRetSelf_iMult_NotExecuted=0
ExeEngine(2):noRetSelf_iDiv_NotExecuted=0
ExeEngine(2):noRetSelf_iBJ_NotExecuted=0
ExeEngine(2):noRetSelf_iLoad_NotExecuted=0
ExeEngine(2):noRetSelf_iStore_NotExecuted=0
ExeEngine(2):noRetSelf_fpALU_NotExecuted=0
ExeEngine(2):noRetSelf_fpMult_NotExecuted=0
ExeEngine(2):noRetSelf_fpDiv_NotExecuted=0
ExeEngine(2):noRetSelf_iFence_NotExecuted=0
ExeEngine(2):noRetSelf_iLoad_NotFinished=0
ExeEngine(2):noRetSelf_iStore_NoCacheSpace=0
ExeEngine(2):noRetSelf_iStore_NoCachePorts=0
ExeEngine(2):noRetSelf_iStore_WaitForFence=0
ExeEngine(2):noRetSelf_iFence_NoCacheSpace=0
ExeEngine(2):noRetSelf_iFence_WaitForFence=0
ExeEngine(2):noRetOther_iOpInvalid_NotExecuted=0
ExeEngine(2):noRetOther_iALU_NotExecuted=0
ExeEngine(2):noRetOther_iMult_NotExecuted=0
ExeEngine(2):noRetOther_iDiv_NotExecuted=0
ExeEngine(2):noRetOther_iBJ_NotExecuted=0
ExeEngine(2):noRetOther_iLoad_NotExecuted=0
ExeEngine(2):noRetOther_iStore_NotExecuted=0
ExeEngine(2):noRetOther_fpALU_NotExecuted=0
ExeEngine(2):noRetOther_fpMult_NotExecuted=0
ExeEngine(2):noRetOther_fpDiv_NotExecuted=0
ExeEngine(2):noRetOther_iFence_NotExecuted=0
ExeEngine(2):noRetOther_iLoad_NotFinished=0
ExeEngine(2):noRetOther_iStore_NoCacheSpace=0
ExeEngine(2):noRetOther_iStore_NoCachePorts=0
ExeEngine(2):noRetOther_iStore_WaitForFence=0
ExeEngine(2):noRetOther_iFence_NoCacheSpace=0
ExeEngine(2):noRetOther_iFence_WaitForFence=0
PendingWindow(2)_iOpInvalid:n=0
PendingWindow(2)_iALU:n=0
PendingWindow(2)_iComplex:n=0
PendingWindow(2)_iBJ:n=0
PendingWindow(2)_iLoad:n=0
PendingWindow(2)_iStore:n=0
PendingWindow(2)_fpALU:n=0
PendingWindow(2)_fpComplex:n=0
PendingWindow(2)_other:n=0
FetchEngine(2)_avgBranchTime:v=0:n=0
FetchEngine(2)_avgInstsFetched:v=0:n=0
FetchEngine(2):nDelayInst1=0
FetchEngine(2):nDelayInst2=0
FetchEngine(2):nFetched=0
FetchEngine(2):nBTAC=0
FetchEngine(2):szBB_MaxKey=0
FetchEngine(2):szBB_Avg=-nan
FetchEngine(2):szBB_Samples=0
FetchEngine(2):szFB_MaxKey=0
FetchEngine(2):szFB_Avg=-nan
FetchEngine(2):szFB_Samples=0
FetchEngine(2):szFS_MaxKey=0
FetchEngine(2):szFS_Avg=-nan
FetchEngine(2):szFS_Samples=0
BPred(2)_RAS:nHit=0
BPred(2)_RAS:nMiss=0
BPred(2):nBranches=0
BPred(2):nTaken=0
BPred(2):nMiss=0
BPred(2)_Hybrid:nHit=0
BPred(2)_Hybrid:nMiss=0
BPred(2)_BTB:nHit=0
BPred(2)_BTB:nMiss=0
P(3)_DL1:readHit=0
P(3)_DL1:writeHit=0
P(3)_DL1:readMiss=0
P(3)_DL1:writeMiss=0
P(3)_DL1:readHalfMiss=0
P(3)_DL1:writeHalfMiss=0
P(3)_DL1:writeBack=0
P(3)_DL1:linePush=0
P(3)_DL1:lineFill=0
P(3)_DL1:readRetry=0
P(3)_DL1:writeRetry=0
P(3)_DL1:invalDirty=0
P(3)_DL1:allocDirty=0
P(3)_RTR_CTRLmsgCntHist(3)=1204
P(3)_RTR_CTRLmsgCntHist_MaxKey=3
P(3)_RTR_CTRLmsgCntHist_Avg=3.000000
P(3)_RTR_CTRLmsgCntHist_Samples=1204
P(3)_RTR_CTRLmsgS1Hist(3)=14663
P(3)_RTR_CTRLmsgS1Hist_MaxKey=3
P(3)_RTR_CTRLmsgS1Hist_Avg=3.000000
P(3)_RTR_CTRLmsgS1Hist_Samples=14663
P(3)_RTR_CTRLmsgS2Hist(3)=179565
P(3)_RTR_CTRLmsgS2Hist_MaxKey=3
P(3)_RTR_CTRLmsgS2Hist_Avg=3.000000
P(3)_RTR_CTRLmsgS2Hist_Samples=179565
P(3)_RTR_DATAmsgCntHist(3)=1076
P(3)_RTR_DATAmsgCntHist_MaxKey=3
P(3)_RTR_DATAmsgCntHist_Avg=3.000000
P(3)_RTR_DATAmsgCntHist_Samples=1076
P(3)_RTR_DATAmsgS1Hist(3)=17441
P(3)_RTR_DATAmsgS1Hist_MaxKey=3
P(3)_RTR_DATAmsgS1Hist_Avg=3.000000
P(3)_RTR_DATAmsgS1Hist_Samples=17441
P(3)_RTR_DATAmsgS2Hist(3)=283415
P(3)_RTR_DATAmsgS2Hist_MaxKey=3
P(3)_RTR_DATAmsgS2Hist_Avg=3.000000
P(3)_RTR_DATAmsgS2Hist_Samples=283415
P(3)_RTR_bus_occ:v=0:n=2543
P(3)_L2S:readHalfMiss=0
P(3)_L2S:writeHalfMiss=0
P(3)_L2S:writeMiss=0
P(3)_L2S:readMiss=263
P(3)_L2S:readHit=941
P(3)_L2S:writeHit=0
P(3)_L2S:writeBack=0
P(3)_L2S:lineFill=263
P(3)_L2S:linePush=1076
P(3)_L2S:nForwarded=0
P(3)_L2S:nWBFull=0
P(3)_L2S_avgPendingWrites:v=0:n=0
P(3)_L2S_avgMissLat:v=210:n=263
P(3)_L2S:rejected=0
P(3)_L2S:rejectedHits=0
P(3)_L2S_DIR_occ:v=0:n=1076
P(3)_L2S_MSHR0_MSHR:nUse=263
P(3)_L2S_MSHR0_MSHR:nUseReads=263
P(3)_L2S_MSHR0_MSHR:nUseWrites=0
P(3)_L2S_MSHR0_MSHR:nOverflows=0
P(3)_L2S_MSHR0_MSHR_maxUsedEntries:max=3:n=263
P(3)_L2S_MSHR0_MSHR:nCanAccept=0
P(3)_L2S_MSHR0_MSHR:nCanNotAccept=0
P(3)_L2S_MSHR0_MSHR:nCanNotAcceptConv=0
P(3)_L2S_MSHR0_MSHR:blockingCycles_AutoAvg=0.000000
P(3)_L2S_MSHR0_MSHR_avgOverflowConsumptions:v=0:n=0
P(3)_L2S_MSHR0_MSHR_maxOutsReqs:max=3:n=263
P(3)_L2S_MSHR0_MSHR_avgReqsPerLine:v=1:n=263
P(3)_L2S_MSHR0_MSHR:nIssuesNewEntry=263
P(3)_L2S_MSHR0_MSHR:nCanNotAcceptSubEntryFull=0
P(3)_L2S_MSHR0_MSHR:nCanNotAcceptTooManyWrites=0
P(3)_L2S_MSHR0_MSHR_avgQueueSize:v=0:n=263
P(3)_L2S_MSHR0_MSHR_avgWritesPerLine:v=0:n=263
P(3)_L2S_MSHR0_MSHR_avgWritesPerLineComb:v=0:n=263
P(3)_L2S_MSHR0_MSHR:nOnlyWrites=0
P(3)_L2S_MSHR0_MSHR:nRetiredEntries=263
P(3)_L2S_MSHR0_MSHR:nRetiredEntriesWritten=0
P(3)_L2S_B0:nAccesses=0
P(3)_L2S_occ:v=0:n=2280
P(3)_L2S_B0_occ:v=0:n=2543
P(3)_L2S_MSHR_B0_occ:v=0:n=789
P(3)_DL1_occ:v=0:n=0
P(3)_DL1_MSHR:nUse=0
P(3)_DL1_MSHR:nUseReads=0
P(3)_DL1_MSHR:nUseWrites=0
P(3)_DL1_MSHR:nOverflows=0
P(3)_DL1_MSHR_maxUsedEntries:max=0:n=0
P(3)_DL1_MSHR:nCanAccept=0
P(3)_DL1_MSHR:nCanNotAccept=0
P(3)_DL1_MSHR:nCanNotAcceptConv=0
P(3)_DL1_MSHR:blockingCycles_AutoAvg=0.000000
P(3)_DL1_MSHR_avgOverflowConsumptions:v=0:n=0
P(3)_DL1_MSHR_maxOutsReqs:max=0:n=0
P(3)_DL1_MSHR_avgReqsPerLine:v=0:n=0
P(3)_DL1_MSHR:nIssuesNewEntry=0
P(3)_DL1_MSHR:nCanNotAcceptSubEntryFull=0
P(3)_DL1_MSHR:nCanNotAcceptTooManyWrites=0
P(3)_DL1_MSHR_avgQueueSize:v=0:n=0
P(3)_DL1_MSHR_avgWritesPerLine:v=0:n=0
P(3)_DL1_MSHR_avgWritesPerLineComb:v=0:n=0
P(3)_DL1_MSHR:nOnlyWrites=0
P(3)_DL1_MSHR:nRetiredEntries=0
P(3)_DL1_MSHR:nRetiredEntriesWritten=0
P(3)_IL1:readHit=0
P(3)_IL1:writeHit=0
P(3)_IL1:readMiss=0
P(3)_IL1:writeMiss=0
P(3)_IL1:readHalfMiss=0
P(3)_IL1:writeHalfMiss=0
P(3)_IL1:writeBack=0
P(3)_IL1:linePush=0
P(3)_IL1:lineFill=0
P(3)_IL1:readRetry=0
P(3)_IL1:writeRetry=0
P(3)_IL1:invalDirty=0
P(3)_IL1:allocDirty=0
P(3)_IL1_occ:v=0:n=0
P(3)_IL1_MSHR:nUse=0
P(3)_IL1_MSHR:nUseReads=0
P(3)_IL1_MSHR:nUseWrites=0
P(3)_IL1_MSHR:nOverflows=0
P(3)_IL1_MSHR_maxUsedEntries:max=0:n=0
P(3)_IL1_MSHR:nCanAccept=0
P(3)_IL1_MSHR:nCanNotAccept=0
P(3)_IL1_MSHR:nCanNotAcceptConv=0
P(3)_IL1_MSHR:blockingCycles_AutoAvg=0.000000
P(3)_IL1_MSHR_avgOverflowConsumptions:v=0:n=0
P(3)_IL1_MSHR_maxOutsReqs:max=0:n=0
P(3)_IL1_MSHR_avgReqsPerLine:v=0:n=0
P(3)_IL1_MSHR:nIssuesNewEntry=0
P(3)_IL1_MSHR:nCanNotAcceptSubEntryFull=0
P(3)_IL1_MSHR:nCanNotAcceptTooManyWrites=0
P(3)_IL1_MSHR_avgQueueSize:v=0:n=0
P(3)_IL1_MSHR_avgWritesPerLine:v=0:n=0
P(3)_IL1_MSHR_avgWritesPerLineComb:v=0:n=0
P(3)_IL1_MSHR:nOnlyWrites=0
P(3)_IL1_MSHR:nRetiredEntries=0
P(3)_IL1_MSHR:nRetiredEntriesWritten=0
LDSTQ(3)_ldldViolations=0
LDSTQ(3)_stldViolations=0
LDSTQ(3)_ststViolations=0
LDSTQ(3)_stldForwarding=0
Proc(3)_FXClusterIssueX:nReplay=0
Proc(3)_FXClusterIssueX_wakeUp_occ:v=0:n=0
Proc(3)_FXClusterIssueX_sched_occ:v=0:n=0
Proc(3)_FXClusterIssueX_winNotUsed:v=0:n=0
ALUIssueX(3)_occ:v=0:n=0
LDSTIssueX(3)_occ:v=0:n=0
FULoad(3)_ldqNotUsed:v=0:n=0
FULoad(3):nForwarded=0
FUStore(3)_stqNotUsed:v=0:n=0
FUStore(3):nDeadStore=0
FUStore(3):nFences=0
FUStore(3):fenceStallCycles=0
Proc(3)_FPClusterIssueX:nReplay=0
Proc(3)_FPClusterIssueX_wakeUp_occ:v=0:n=0
Proc(3)_FPClusterIssueX_sched_occ:v=0:n=0
Proc(3)_FPClusterIssueX_winNotUsed:v=0:n=0
FPIssueX(3)_occ:v=0:n=0
Proc(3)_robUsed:v=0:n=0
Processor(3)_noFetch=0
Processor(3)_noFetch2=0
ExeEngine(3)_retired:v=0:n=0
ExeEngine(3):noRetOtherCause=0
Processor(3):nLocks=0
Processor(3):nLockContCycles=0
ExeEngine(3):nSmallWin=0
ExeEngine(3):nSmallROB=0
ExeEngine(3):nSmallREG=0
ExeEngine(3):nOutsLoads=0
ExeEngine(3):nOutsStores=0
ExeEngine(3):nOutsBranches=0
ExeEngine(3):nReplays=0
ExeEngine(3):PortConflict=0
ExeEngine(3):switch=0
ExeEngine(3):noRetSelf_iOpInvalid_NotExecuted=0
ExeEngine(3):noRetSelf_iALU_NotExecuted=0
ExeEngine(3):noRetSelf_iMult_NotExecuted=0
ExeEngine(3):noRetSelf_iDiv_NotExecuted=0
ExeEngine(3):noRetSelf_iBJ_NotExecuted=0
ExeEngine(3):noRetSelf_iLoad_NotExecuted=0
ExeEngine(3):noRetSelf_iStore_NotExecuted=0
ExeEngine(3):noRetSelf_fpALU_NotExecuted=0
ExeEngine(3):noRetSelf_fpMult_NotExecuted=0
ExeEngine(3):noRetSelf_fpDiv_NotExecuted=0
ExeEngine(3):noRetSelf_iFence_NotExecuted=0
ExeEngine(3):noRetSelf_iLoad_NotFinished=0
ExeEngine(3):noRetSelf_iStore_NoCacheSpace=0
ExeEngine(3):noRetSelf_iStore_NoCachePorts=0
ExeEngine(3):noRetSelf_iStore_WaitForFence=0
ExeEngine(3):noRetSelf_iFence_NoCacheSpace=0
ExeEngine(3):noRetSelf_iFence_WaitForFence=0
ExeEngine(3):noRetOther_iOpInvalid_NotExecuted=0
ExeEngine(3):noRetOther_iALU_NotExecuted=0
ExeEngine(3):noRetOther_iMult_NotExecuted=0
ExeEngine(3):noRetOther_iDiv_NotExecuted=0
ExeEngine(3):noRetOther_iBJ_NotExecuted=0
ExeEngine(3):noRetOther_iLoad_NotExecuted=0
ExeEngine(3):noRetOther_iStore_NotExecuted=0
ExeEngine(3):noRetOther_fpALU_NotExecuted=0
ExeEngine(3):noRetOther_fpMult_NotExecuted=0
ExeEngine(3):noRetOther_fpDiv_NotExecuted=0
ExeEngine(3):noRetOther_iFence_NotExecuted=0
ExeEngine(3):noRetOther_iLoad_NotFinished=0
ExeEngine(3):noRetOther_iStore_NoCacheSpace=0
ExeEngine(3):noRetOther_iStore_NoCachePorts=0
ExeEngine(3):noRetOther_iStore_WaitForFence=0
ExeEngine(3):noRetOther_iFence_NoCacheSpace=0
ExeEngine(3):noRetOther_iFence_WaitForFence=0
PendingWindow(3)_iOpInvalid:n=0
PendingWindow(3)_iALU:n=0
PendingWindow(3)_iComplex:n=0
PendingWindow(3)_iBJ:n=0
PendingWindow(3)_iLoad:n=0
PendingWindow(3)_iStore:n=0
PendingWindow(3)_fpALU:n=0
PendingWindow(3)_fpComplex:n=0
PendingWindow(3)_other:n=0
FetchEngine(3)_avgBranchTime:v=0:n=0
FetchEngine(3)_avgInstsFetched:v=0:n=0
FetchEngine(3):nDelayInst1=0
FetchEngine(3):nDelayInst2=0
FetchEngine(3):nFetched=0
FetchEngine(3):nBTAC=0
FetchEngine(3):szBB_MaxKey=0
FetchEngine(3):szBB_Avg=-nan
FetchEngine(3):szBB_Samples=0
FetchEngine(3):szFB_MaxKey=0
FetchEngine(3):szFB_Avg=-nan
FetchEngine(3):szFB_Samples=0
FetchEngine(3):szFS_MaxKey=0
FetchEngine(3):szFS_Avg=-nan
FetchEngine(3):szFS_Samples=0
BPred(3)_RAS:nHit=0
BPred(3)_RAS:nMiss=0
BPred(3):nBranches=0
BPred(3):nTaken=0
BPred(3):nMiss=0
BPred(3)_Hybrid:nHit=0
BPred(3)_Hybrid:nMiss=0
BPred(3)_BTB:nHit=0
BPred(3)_BTB:nMiss=0
END GStats::report Final
OSSim:endTime=Sat Oct 17 21:23:31 2020

