# Bench : /home/cs6290/sesc/sesc.opt -fhello1.rpt -c /home/cs6290/sesc/confs/cmp4-noc.conf -ohello1.out hello1.mipseb 
# File  : sesc_hello1.mipseb.hello1.rpt :       Sat Aug 29 16:35:34 2020
      Exe Speed        Exe MHz         Exe Time         Sim Time (1000MHz)
     45.830 KIPS      0.7972 MHz       0.100 secs       0.080 msec
Proc  Avg.Time BPType       Total          RAS           BPred          BTB            BTAC
   0   130.134  hybrid       50.06% ( 95.51% of  10.66%)  44.64% ( 58.24% of  42.16%)   0.00% 
           nInst     BJ    Load   Store      INT      FP  : LD Forward , Replay : Worst Unit (clk)
   0        4583  18.22%  20.23%  19.07%  42.48%   0.00%  :      0.22%    4583 inst/repl  :  LDSTIssueX 1.10 
Proc  IPC        Cycles  Busy   LDQ   STQ  IWin   ROB  Regs Ports   TLB  maxBr MisBr Br4Clk  Other
   0  0.06        79721   2.9   0.0   0.0   0.3   0.2   0.0   0.0   0.0   0.0   96.4    0.0    0.2 
################################################################################
Proc  Cache Occ MissRate (RD, WR) %DMemAcc MB/s : ... 
   0  DL1 0.2   5.29% ( 3.2%, 2.1%) 115.32%  0.09GB/s :  MemoryBus 0 MB/s : 
################################################################################
Proc  Cache Occ MissRate (RD, WR) %DMemAcc MB/s : ... 
   0  IL1 0.6   9.74% ( 9.7%, 0.0%) 165.82%  0.23GB/s :  MemoryBus 0 MB/s : 
# Bench : /home/cs6290/sesc/sesc.opt -fhello2.rpt -c /home/cs6290/sesc/confs/cmp4-noc.conf -ohello2.out hello2.mipseb 
# File  : sesc_hello2.mipseb.hello2.rpt :       Sat Aug 29 16:35:35 2020
      Exe Speed        Exe MHz         Exe Time         Sim Time (1000MHz)
     42.973 KIPS      0.7519 MHz       0.110 secs       0.083 msec
Proc  Avg.Time BPType       Total          RAS           BPred          BTB            BTAC
   0   130.469  hybrid       50.12% ( 95.65% of  10.70%)  44.66% ( 58.01% of  42.09%)   0.00% 
           nInst     BJ    Load   Store      INT      FP  : LD Forward , Replay : Worst Unit (clk)
   0        4727  18.19%  20.29%  18.89%  42.63%   0.00%  :      0.21%    4727 inst/repl  :  LDSTIssueX 1.12 
Proc  IPC        Cycles  Busy   LDQ   STQ  IWin   ROB  Regs Ports   TLB  maxBr MisBr Br4Clk  Other
   0  0.06        82708   2.9   0.0   0.0   0.3   0.2   0.0   0.0   0.0   0.0   96.4    0.0    0.2 
################################################################################
Proc  Cache Occ MissRate (RD, WR) %DMemAcc MB/s : ... 
   0  DL1 0.2   5.27% ( 3.2%, 2.1%) 114.62%  0.09GB/s :  MemoryBus 0 MB/s : 
################################################################################
Proc  Cache Occ MissRate (RD, WR) %DMemAcc MB/s : ... 
   0  IL1 0.6   9.79% ( 9.8%, 0.0%) 166.43%  0.23GB/s :  MemoryBus 0 MB/s : 
# Bench : /home/cs6290/sesc/sesc.opt -fhello3.rpt -c /home/cs6290/sesc/confs/cmp4-noc.conf -ohello3.out hello3.mipseb 
# File  : sesc_hello3.mipseb.hello3.rpt :       Sat Aug 29 16:35:36 2020
      Exe Speed        Exe MHz         Exe Time         Sim Time (1000MHz)
     47.340 KIPS      0.8256 MHz       0.100 secs       0.083 msec
Proc  Avg.Time BPType       Total          RAS           BPred          BTB            BTAC
   0   128.569  hybrid       49.65% ( 95.65% of  10.67%)  44.16% ( 58.06% of  41.76%)   0.00% 
           nInst     BJ    Load   Store      INT      FP  : LD Forward , Replay : Worst Unit (clk)
   0        4734  18.21%  20.30%  18.88%  42.61%   0.00%  :      0.21%    4734 inst/repl  :  LDSTIssueX 1.11 
Proc  IPC        Cycles  Busy   LDQ   STQ  IWin   ROB  Regs Ports   TLB  maxBr MisBr Br4Clk  Other
   0  0.06        82561   2.9   0.0   0.0   0.3   0.2   0.0   0.0   0.0   0.0   96.4    0.0    0.2 
################################################################################
Proc  Cache Occ MissRate (RD, WR) %DMemAcc MB/s : ... 
   0  DL1 0.2   5.26% ( 3.2%, 2.1%) 114.66%  0.09GB/s :  MemoryBus 0 MB/s : 
################################################################################
Proc  Cache Occ MissRate (RD, WR) %DMemAcc MB/s : ... 
   0  IL1 0.6   9.78% ( 9.8%, 0.0%) 166.33%  0.23GB/s :  MemoryBus 0 MB/s : 
# Bench : /home/cs6290/sesc/sesc.opt -fhello4.rpt -c /home/cs6290/sesc/confs/cmp4-noc.conf -ohello4.out hello4.mipseb 
# File  : sesc_hello4.mipseb.hello4.rpt :       Sat Aug 29 16:35:36 2020
      Exe Speed        Exe MHz         Exe Time         Sim Time (1000MHz)
     43.100 KIPS      0.7499 MHz       0.110 secs       0.082 msec
Proc  Avg.Time BPType       Total          RAS           BPred          BTB            BTAC
   0   128.200  hybrid       50.12% ( 95.65% of  10.65%)  44.69% ( 58.01% of  41.90%)   0.00% 
           nInst     BJ    Load   Store      INT      FP  : LD Forward , Replay : Worst Unit (clk)
   0        4741  18.22%  20.31%  18.88%  42.59%   0.00%  :      0.21%    4741 inst/repl  :  LDSTIssueX 1.12 
Proc  IPC        Cycles  Busy   LDQ   STQ  IWin   ROB  Regs Ports   TLB  maxBr MisBr Br4Clk  Other
   0  0.06        82488   2.9   0.0   0.0   0.3   0.2   0.0   0.0   0.0   0.0   96.4    0.0    0.2 
################################################################################
Proc  Cache Occ MissRate (RD, WR) %DMemAcc MB/s : ... 
   0  DL1 0.2   5.25% ( 3.2%, 2.1%) 114.74%  0.09GB/s :  MemoryBus 0 MB/s : 
################################################################################
Proc  Cache Occ MissRate (RD, WR) %DMemAcc MB/s : ... 
   0  IL1 0.6   9.76% ( 9.8%, 0.0%) 166.43%  0.23GB/s :  MemoryBus 0 MB/s : 
# Bench : /home/cs6290/sesc/sesc.opt -fhello5.rpt -c /home/cs6290/sesc/confs/cmp4-noc.conf -ohello5.out hello5.mipseb 
# File  : sesc_hello5.mipseb.hello5.rpt :       Sat Aug 29 16:35:37 2020
      Exe Speed        Exe MHz         Exe Time         Sim Time (1000MHz)
     43.164 KIPS      0.7478 MHz       0.110 secs       0.082 msec
Proc  Avg.Time BPType       Total          RAS           BPred          BTB            BTAC
   0   127.953  hybrid       50.23% ( 95.65% of  10.65%)  44.82% ( 58.40% of  42.01%)   0.00% 
           nInst     BJ    Load   Store      INT      FP  : LD Forward , Replay : Worst Unit (clk)
   0        4748  18.20%  20.26%  18.87%  42.67%   0.00%  :      0.21%    4748 inst/repl  :  LDSTIssueX 1.11 
Proc  IPC        Cycles  Busy   LDQ   STQ  IWin   ROB  Regs Ports   TLB  maxBr MisBr Br4Clk  Other
   0  0.06        82257   2.9   0.0   0.0   0.3   0.2   0.0   0.0   0.0   0.0   96.4    0.0    0.2 
################################################################################
Proc  Cache Occ MissRate (RD, WR) %DMemAcc MB/s : ... 
   0  DL1 0.2   5.25% ( 3.2%, 2.1%) 114.79%  0.09GB/s :  MemoryBus 0 MB/s : 
################################################################################
Proc  Cache Occ MissRate (RD, WR) %DMemAcc MB/s : ... 
   0  IL1 0.6   9.76% ( 9.8%, 0.0%) 166.43%  0.23GB/s :  MemoryBus 0 MB/s : 
# Bench : /home/cs6290/sesc/sesc.opt -fhello6.rpt -c /home/cs6290/sesc/confs/cmp4-noc.conf -ohello6.out hello6.mipseb 
# File  : sesc_hello6.mipseb.hello6.rpt :       Sat Aug 29 16:35:38 2020
      Exe Speed        Exe MHz         Exe Time         Sim Time (1000MHz)
     44.491 KIPS      0.7745 MHz       0.110 secs       0.085 msec
Proc  Avg.Time BPType       Total          RAS           BPred          BTB            BTAC
   0   130.553  hybrid       50.17% ( 95.74% of  10.53%)  44.81% ( 58.14% of  43.34%)   0.00% 
           nInst     BJ    Load   Store      INT      FP  : LD Forward , Replay : Worst Unit (clk)
   0        4894  18.25%  20.15%  18.55%  43.05%   0.00%  :      0.20%    4894 inst/repl  :  LDSTIssueX 1.10 
Proc  IPC        Cycles  Busy   LDQ   STQ  IWin   ROB  Regs Ports   TLB  maxBr MisBr Br4Clk  Other
   0  0.06        85190   2.9   0.0   0.0   0.3   0.2   0.0   0.0   0.0   0.0   96.4    0.0    0.2 
################################################################################
Proc  Cache Occ MissRate (RD, WR) %DMemAcc MB/s : ... 
   0  DL1 0.2   5.23% ( 3.2%, 2.0%) 114.99%  0.09GB/s :  MemoryBus 0 MB/s : 
################################################################################
Proc  Cache Occ MissRate (RD, WR) %DMemAcc MB/s : ... 
   0  IL1 0.6   9.73% ( 9.7%, 0.0%) 168.07%  0.23GB/s :  MemoryBus 0 MB/s : 
# Bench : /home/cs6290/sesc/sesc.opt -fhello7.rpt -c /home/cs6290/sesc/confs/cmp4-noc.conf -ohello7.out hello7.mipseb 
# File  : sesc_hello7.mipseb.hello7.rpt :       Sat Aug 29 16:35:38 2020
      Exe Speed        Exe MHz         Exe Time         Sim Time (1000MHz)
     44.564 KIPS      0.7718 MHz       0.110 secs       0.085 msec
Proc  Avg.Time BPType       Total          RAS           BPred          BTB            BTAC
   0   129.694  hybrid       50.39% ( 95.74% of  10.50%)  45.07% ( 58.10% of  43.46%)   0.00% 
           nInst     BJ    Load   Store      INT      FP  : LD Forward , Replay : Worst Unit (clk)
   0        4902  18.26%  20.16%  18.54%  43.04%   0.00%  :      0.20%    4902 inst/repl  :  LDSTIssueX 1.10 
Proc  IPC        Cycles  Busy   LDQ   STQ  IWin   ROB  Regs Ports   TLB  maxBr MisBr Br4Clk  Other
   0  0.06        84902   2.9   0.0   0.0   0.3   0.2   0.0   0.0   0.0   0.0   96.4    0.0    0.2 
################################################################################
Proc  Cache Occ MissRate (RD, WR) %DMemAcc MB/s : ... 
   0  DL1 0.2   5.22% ( 3.2%, 2.0%) 115.12%  0.09GB/s :  MemoryBus 0 MB/s : 
################################################################################
Proc  Cache Occ MissRate (RD, WR) %DMemAcc MB/s : ... 
   0  IL1 0.6   9.72% ( 9.7%, 0.0%) 168.02%  0.23GB/s :  MemoryBus 0 MB/s : 
# Bench : /home/cs6290/sesc/sesc.opt -fhello8.rpt -c /home/cs6290/sesc/confs/cmp4-noc.conf -ohello8.out hello8.mipseb 
# File  : sesc_hello8.mipseb.hello8.rpt :       Sat Aug 29 16:35:39 2020
      Exe Speed        Exe MHz         Exe Time         Sim Time (1000MHz)
     44.455 KIPS      0.7716 MHz       0.110 secs       0.085 msec
Proc  Avg.Time BPType       Total          RAS           BPred          BTB            BTAC
   0   130.722  hybrid       50.45% ( 95.74% of  10.54%)  45.11% ( 58.35% of  43.61%)   0.00% 
           nInst     BJ    Load   Store      INT      FP  : LD Forward , Replay : Worst Unit (clk)
   0        4890  18.24%  20.12%  18.55%  43.09%   0.00%  :      0.20%    4890 inst/repl  :  LDSTIssueX 1.10 
Proc  IPC        Cycles  Busy   LDQ   STQ  IWin   ROB  Regs Ports   TLB  maxBr MisBr Br4Clk  Other
   0  0.06        84870   2.9   0.0   0.0   0.3   0.2   0.0   0.0   0.0   0.0   96.4    0.0    0.2 
################################################################################
Proc  Cache Occ MissRate (RD, WR) %DMemAcc MB/s : ... 
   0  DL1 0.2   5.26% ( 3.2%, 2.0%) 114.64%  0.09GB/s :  MemoryBus 0 MB/s : 
################################################################################
Proc  Cache Occ MissRate (RD, WR) %DMemAcc MB/s : ... 
   0  IL1 0.6   9.77% ( 9.8%, 0.0%) 168.29%  0.23GB/s :  MemoryBus 0 MB/s : 
# Bench : /home/cs6290/sesc/sesc.opt -fhello9.rpt -c /home/cs6290/sesc/confs/cmp4-noc.conf -ohello9.out hello9.mipseb 
# File  : sesc_hello9.mipseb.hello9.rpt :       Sat Aug 29 16:35:39 2020
      Exe Speed        Exe MHz         Exe Time         Sim Time (1000MHz)
     44.564 KIPS      0.7784 MHz       0.110 secs       0.086 msec
Proc  Avg.Time BPType       Total          RAS           BPred          BTB            BTAC
   0   132.102  hybrid       50.45% ( 95.74% of  10.51%)  45.12% ( 58.51% of  43.40%)   0.00% 
           nInst     BJ    Load   Store      INT      FP  : LD Forward , Replay : Worst Unit (clk)
   0        4902  18.24%  20.11%  18.52%  43.13%   0.00%  :      0.20%    4902 inst/repl  :  LDSTIssueX 1.10 
Proc  IPC        Cycles  Busy   LDQ   STQ  IWin   ROB  Regs Ports   TLB  maxBr MisBr Br4Clk  Other
   0  0.06        85620   2.9   0.0   0.0   0.3   0.2   0.0   0.0   0.0   0.0   96.4    0.0    0.2 
################################################################################
Proc  Cache Occ MissRate (RD, WR) %DMemAcc MB/s : ... 
   0  DL1 0.2   5.26% ( 3.2%, 2.0%) 114.46%  0.09GB/s :  MemoryBus 0 MB/s : 
################################################################################
Proc  Cache Occ MissRate (RD, WR) %DMemAcc MB/s : ... 
   0  IL1 0.6   9.73% ( 9.7%, 0.0%) 168.60%  0.23GB/s :  MemoryBus 0 MB/s : 
