#BEGIN Configuration used. Extracted from "/home/cs6290/sesc/confs/cmp4-noc-L1NXLRU.conf":
cpucore[0:3]='issueX'
NoMigration=true
pageSize  =4096
procsPerNode=4
technology='techParam'
[BPredIssueX]
Metasize  =2048
MetaBits  =2
l2Bits    =1
btbAssoc  =2
l2size    =2048
btbBsize  =1
btbSize   =256
localSize =2048
btbReplPolicy='LRU'
localBits =2
BTACDelay =0
historySize=8
type      ='Hybrid'
rasSize   =32
[L2Slice]
numPorts  =2
assoc     =16
numPortsDir=1
inclusive =false
writePolicy='WB'
size      =1048576
deviceType='slicecache'
hitDelayDir=1
MSHR      ='L2MSHR'
missDelay =12
lowerLevel="Router RTR sharedBy 1"
portOccp  =1
replPolicy='LRU'
hitDelay  =12
portOccpDir=1
bsize     =64
[FPClusterIssueX]
fpDivLat  =20
wakeupDelay=2
schedPortOccp=1
fpMultUnit='FPIssueX'
recycleAt ='Execute'
wakeUpPortOccp=1
fpALUUnit ='FPIssueX'
fpDivUnit ='FPIssueX'
schedDelay=1
fpALULat  =1
fpMultLat =8
wakeUpNumPorts=4
winSize   =16
schedNumPorts=4
[issueX]
renameDelay=1
frequency =1.000000e+09
bpred     ='BPredIssueX'
interClusterLat=2
dtlb      ='FXDTLB'
maxBranches=32
intRegs   =64
fetchWidth=2
instQueueSize=32
itlb      ='FXITLB'
bb4Cycle  =1
decodeDelay=2
dataSource="DMemory DL1"
inorder   =false
enableICache=true
retireWidth=2
robSize   =64
maxLoads  =44
instrSource="IMemory IL1"
fpRegs    =64
maxIRequests=4
issueWidth=2
regFileDelay=1
OSType    ='dummy'
stForwardDelay=1
cluster[1:1]='FPClusterIssueX'
cluster   ='FXClusterIssueX'
maxStores =36
[NOC]
booksim_output='booksim.log'
deviceType='booksim'
booksim_sample=1000000
booksim_config='mesh22.booksim'
lowerLevel="MemoryCtrl MemCtrl shared"
[FXITLB]
size      =512
assoc     =4
replPolicy='LRU'
bsize     =8
deviceType='cache'
[DMemory]
bsize     =64
hitDelay  =1
deviceType='smpcache'
assoc     =4
lowerLevel="Router RTR sharedBy 1"
sideLowerLevel="L2Slice L2S"
MSHR      ='DMSHR'
size      =1024
portOccp  =1
protocol  ='DMESI'
missDelay =1
numPorts  =2
replPolicy='NXLRU'
[MemoryCtrl]
numPorts  =8
lowerLevel="MemoryBus MemoryBus"
delay     =1
deviceType='memoryController'
portOccp  =1
[Memory]
size      =64
replPolicy='LRU'
MSHR      ='NoMSHR'
portOccp  =1
assoc     =1
bsize     =64
deviceType='niceCache'
numPorts  =1
lowerLevel='voidDevice'
missDelay =10000
hitDelay  =200
[IMemory]
lowerLevel="Router RTR sharedBy 1"
bsize     =64
protocol  ='DMESI'
portOccp  =1
size      =32768
MSHR      ='iMSHR'
hitDelay  =1
replPolicy='LRU'
assoc     =4
numPorts  =1
deviceType='icache'
sideLowerLevel=''
missDelay =1
[MemoryBus]
lowerLevel="Memory Memory"
deviceType='bus'
numPorts  =8
portOccp  =8
delay     =5
[FXDTLB]
deviceType='cache'
bsize     =8
assoc     =4
replPolicy='LRU'
size      =512
[FXClusterIssueX]
wakeUpPortOccp=1
iBJUnit   ='ALUIssueX'
iStoreUnit='LDSTIssueX'
iDivLat   =12
winSize   =56
iALUUnit  ='ALUIssueX'
iALULat   =1
schedNumPorts=4
schedDelay=1
iLoadLat  =1
iLoadUnit ='LDSTIssueX'
iMultLat  =4
wakeUpNumPorts=4
iBJLat    =1
iStoreLat =1
iMultUnit ='ALUIssueX'
iDivUnit  ='ALUIssueX'
recycleAt ='Execute'
schedPortOccp=1
wakeupDelay=2
[NoMSHR]
bsize     =64
size      =128
type      ='none'
[L2MSHR]
bsize     =64
size      =64
type      ='single'
[DMSHR]
bsize     =64
type      ='single'
size      =64
[Router]
dimY      =2
numPorts  =2
deviceType='router'
lowerLevel="NOC NOC shared"
portOccp  =1
delay     =1
dimX      =2
[iMSHR]
type      ='single'
size      =32
bsize     =64
[FPIssueX]
Num       =2
Occ       =1
[voidDevice]
deviceType='void'
[LDSTIssueX]
Occ       =1
Num       =1
[FileSys]
mount     ='/bin=/mipsroot/tools/bin:/lib=/mipsroot/tools/lib:/tools=/mipsroot/tools'
[ALUIssueX]
Num       =1
Occ       =1
[techParam]
frequency =1.000000e+09
#END Configuration used. Extracted from "/home/cs6290/sesc/confs/cmp4-noc-L1NXLRU.conf":
OSSim:beginTime=Wed Oct 14 23:04:46 2020

OSSim:bench=/home/cs6290/sesc/sesc.opt -f n32.L1NXLRU.rpt -c /home/cs6290/sesc/confs/cmp4-noc-L1NXLRU.conf -olu.out -elu.err lu.mipseb -n32 -p1 
OSSim:benchName=lu.mipseb
ProcessId(0):totalTime=536741:waitTime=0:spawnTime=0:exitTime=536741:Switchs=1
ProcessId(0):cpu=0:migrable=false:pinned=true:pid=0:ppid=-1:parentId=-1
ProcessId:nSwitchs=1:nSpawns=0:nGradInsts=323669:nWPathInsts=0
Proc(0):clockTicks=536818
Proc(1):clockTicks=0
Proc(2):clockTicks=0
Proc(3):clockTicks=0
OSSim:reportName=Final
OSSim:msecs=    1.04:nCPUs=4:nCycles=536819
OSSim:pseudoreset=0
BEGIN GStats::report Final
Read_U=0
Read_S=0
Read_E=0
Read_bS=0
Read_bE=0
Read_bS_H=0
Read_bE_H=0
Write_U=0
Write_S=0
Write_E=0
Write_bS=0
Write_bE=0
Write_bS_H=0
Write_bE_H=0
P(0)_DL1:readHit=47746
P(0)_DL1:writeHit=29460
P(0)_DL1:readMiss=3092
P(0)_DL1:writeMiss=488
P(0)_DL1:readHalfMiss=7000
P(0)_DL1:writeHalfMiss=1312
P(0)_DL1:writeBack=2127
P(0)_DL1:linePush=0
P(0)_DL1:lineFill=3580
P(0)_DL1:readRetry=357
P(0)_DL1:writeRetry=146
P(0)_DL1:invalDirty=0
P(0)_DL1:allocDirty=2127
P(0)_RTR_CTRLmsgCntHist(1)=2154
P(0)_RTR_CTRLmsgCntHist(2)=1845
P(0)_RTR_CTRLmsgCntHist(3)=972
P(0)_RTR_CTRLmsgCntHist_MaxKey=3
P(0)_RTR_CTRLmsgCntHist_Avg=1.762221
P(0)_RTR_CTRLmsgCntHist_Samples=4971
P(0)_RTR_CTRLmsgS1Hist(1)=0
P(0)_RTR_CTRLmsgS1Hist(2)=16671
P(0)_RTR_CTRLmsgS1Hist(3)=11698
P(0)_RTR_CTRLmsgS1Hist_MaxKey=3
P(0)_RTR_CTRLmsgS1Hist_Avg=2.412352
P(0)_RTR_CTRLmsgS1Hist_Samples=28369
P(0)_RTR_CTRLmsgS2Hist(1)=0
P(0)_RTR_CTRLmsgS2Hist(2)=150879
P(0)_RTR_CTRLmsgS2Hist(3)=140828
P(0)_RTR_CTRLmsgS2Hist_MaxKey=3
P(0)_RTR_CTRLmsgS2Hist_Avg=2.482772
P(0)_RTR_CTRLmsgS2Hist_Samples=291707
P(0)_RTR_DATAmsgCntHist(1)=2154
P(0)_RTR_DATAmsgCntHist(2)=2101
P(0)_RTR_DATAmsgCntHist(3)=1100
P(0)_RTR_DATAmsgCntHist_MaxKey=3
P(0)_RTR_DATAmsgCntHist_Avg=1.803175
P(0)_RTR_DATAmsgCntHist_Samples=5355
P(0)_RTR_DATAmsgS1Hist(1)=0
P(0)_RTR_DATAmsgS1Hist(2)=27448
P(0)_RTR_DATAmsgS1Hist(3)=17640
P(0)_RTR_DATAmsgS1Hist_MaxKey=3
P(0)_RTR_DATAmsgS1Hist_Avg=2.391235
P(0)_RTR_DATAmsgS1Hist_Samples=45088
P(0)_RTR_DATAmsgS2Hist(1)=0
P(0)_RTR_DATAmsgS2Hist(2)=359010
P(0)_RTR_DATAmsgS2Hist(3)=282978
P(0)_RTR_DATAmsgS2Hist_MaxKey=3
P(0)_RTR_DATAmsgS2Hist_Avg=2.440784
P(0)_RTR_DATAmsgS2Hist_Samples=641988
NOC_MESH_CTRLmsgCntHist(2)=3946
NOC_MESH_CTRLmsgCntHist(3)=2072
NOC_MESH_CTRLmsgCntHist_MaxKey=3
NOC_MESH_CTRLmsgCntHist_Avg=2.344300
NOC_MESH_CTRLmsgCntHist_Samples=6018
NOC_MESH_CTRLmsgS1Hist(2)=31616
NOC_MESH_CTRLmsgS1Hist(3)=22820
NOC_MESH_CTRLmsgS1Hist_MaxKey=3
NOC_MESH_CTRLmsgS1Hist_Avg=2.419208
NOC_MESH_CTRLmsgS1Hist_Samples=54436
NOC_MESH_CTRLmsgS2Hist(2)=253498
NOC_MESH_CTRLmsgS2Hist(3)=251356
NOC_MESH_CTRLmsgS2Hist_MaxKey=3
NOC_MESH_CTRLmsgS2Hist_Avg=2.497879
NOC_MESH_CTRLmsgS2Hist_Samples=504854
NOC_MESH_DATAmsgCntHist(2)=3946
NOC_MESH_DATAmsgCntHist(3)=2072
NOC_MESH_DATAmsgCntHist_MaxKey=3
NOC_MESH_DATAmsgCntHist_Avg=2.344300
NOC_MESH_DATAmsgCntHist_Samples=6018
NOC_MESH_DATAmsgS1Hist(2)=47478
NOC_MESH_DATAmsgS1Hist(3)=31104
NOC_MESH_DATAmsgS1Hist_MaxKey=3
NOC_MESH_DATAmsgS1Hist_Avg=2.395816
NOC_MESH_DATAmsgS1Hist_Samples=78582
NOC_MESH_DATAmsgS2Hist(2)=571630
NOC_MESH_DATAmsgS2Hist(3)=466964
NOC_MESH_DATAmsgS2Hist_MaxKey=3
NOC_MESH_DATAmsgS2Hist_Avg=2.449612
NOC_MESH_DATAmsgS2Hist_Samples=1038594
DataP(0)_MemoryBus_occ:v=0:n=1063
CmdP(0)_MemoryBus_occ:v=0:n=1063
P(0)_Memory:readHalfMiss=0
P(0)_Memory:writeHalfMiss=0
P(0)_Memory:writeMiss=0
P(0)_Memory:readMiss=0
P(0)_Memory:readHit=1063
P(0)_Memory:writeHit=0
P(0)_Memory:writeBack=0
P(0)_Memory:lineFill=0
P(0)_Memory:linePush=0
P(0)_Memory:nForwarded=0
P(0)_Memory:nWBFull=0
P(0)_Memory_avgPendingWrites:v=0:n=0
P(0)_Memory_avgMissLat:v=0:n=0
P(0)_Memory:rejected=0
P(0)_Memory:rejectedHits=0
P(0)_Memory_MSHR0_MSHR:nUse=0
P(0)_Memory_MSHR0_MSHR:nUseReads=0
P(0)_Memory_MSHR0_MSHR:nUseWrites=0
P(0)_Memory_MSHR0_MSHR:nOverflows=0
P(0)_Memory_MSHR0_MSHR_maxUsedEntries:max=0:n=0
P(0)_Memory_MSHR0_MSHR:nCanAccept=0
P(0)_Memory_MSHR0_MSHR:nCanNotAccept=0
P(0)_Memory_MSHR0_MSHR:nCanNotAcceptConv=0
P(0)_Memory_MSHR0_MSHR:blockingCycles_AutoAvg=0.000000
P(0)_Memory_B0:nAccesses=1063
P(0)_Memory_occ:v=0:n=0
P(0)_Memory_B0_occ:v=0:n=0
P(0)_Memory_MSHR_B0_occ:v=0:n=0
P(0)_MemoryBus_AvgTime_MemRead:v=2.5:n=1690
P(0)_MemoryBus_AvgTime_MemWrite:v=0:n=0
P(0)_MemoryBus_AvgTime_MemPush:v=0:n=0
P(0)_MemoryBus_AvgTime_MemReadW:v=2.5:n=436
MemCtrl_bus_occ:v=0:n=1063
P(0)_RTR_bus_occ:v=0.000283126:n=10596
P(0)_L2S:readHalfMiss=0
P(0)_L2S:writeHalfMiss=0
P(0)_L2S:writeMiss=0
P(0)_L2S:readMiss=270
P(0)_L2S:readHit=871
P(0)_L2S:writeHit=0
P(0)_L2S:writeBack=0
P(0)_L2S:lineFill=270
P(0)_L2S:linePush=1013
P(0)_L2S:nForwarded=0
P(0)_L2S:nWBFull=0
P(0)_L2S_avgPendingWrites:v=0:n=0
P(0)_L2S_avgMissLat:v=210:n=270
P(0)_L2S:rejected=0
P(0)_L2S:rejectedHits=0
P(0)_L2S_DIR_occ:v=0:n=1013
P(0)_L2S_MSHR0_MSHR:nUse=270
P(0)_L2S_MSHR0_MSHR:nUseReads=270
P(0)_L2S_MSHR0_MSHR:nUseWrites=0
P(0)_L2S_MSHR0_MSHR:nOverflows=0
P(0)_L2S_MSHR0_MSHR_maxUsedEntries:max=2:n=270
P(0)_L2S_MSHR0_MSHR:nCanAccept=0
P(0)_L2S_MSHR0_MSHR:nCanNotAccept=0
P(0)_L2S_MSHR0_MSHR:nCanNotAcceptConv=0
P(0)_L2S_MSHR0_MSHR:blockingCycles_AutoAvg=0.000000
P(0)_L2S_MSHR0_MSHR_avgOverflowConsumptions:v=0:n=0
P(0)_L2S_MSHR0_MSHR_maxOutsReqs:max=2:n=270
P(0)_L2S_MSHR0_MSHR_avgReqsPerLine:v=1:n=270
P(0)_L2S_MSHR0_MSHR:nIssuesNewEntry=270
P(0)_L2S_MSHR0_MSHR:nCanNotAcceptSubEntryFull=0
P(0)_L2S_MSHR0_MSHR:nCanNotAcceptTooManyWrites=0
P(0)_L2S_MSHR0_MSHR_avgQueueSize:v=0:n=270
P(0)_L2S_MSHR0_MSHR_avgWritesPerLine:v=0:n=270
P(0)_L2S_MSHR0_MSHR_avgWritesPerLineComb:v=0:n=270
P(0)_L2S_MSHR0_MSHR:nOnlyWrites=0
P(0)_L2S_MSHR0_MSHR:nRetiredEntries=270
P(0)_L2S_MSHR0_MSHR:nRetiredEntriesWritten=0
P(0)_L2S_B0:nAccesses=0
P(0)_L2S_occ:v=0:n=2154
P(0)_L2S_B0_occ:v=0:n=2424
P(0)_L2S_MSHR_B0_occ:v=0:n=810
P(0)_DL1_occ:v=0.0593723:n=87785
P(0)_DL1_MSHR:nUse=80786
P(0)_DL1_MSHR:nUseReads=80786
P(0)_DL1_MSHR:nUseWrites=0
P(0)_DL1_MSHR:nOverflows=0
P(0)_DL1_MSHR_maxUsedEntries:max=9:n=72474
P(0)_DL1_MSHR:nCanAccept=29948
P(0)_DL1_MSHR:nCanNotAccept=0
P(0)_DL1_MSHR:nCanNotAcceptConv=0
P(0)_DL1_MSHR:blockingCycles(0)=536819
P(0)_DL1_MSHR:blockingCycles_AutoAvg=0.000000
P(0)_DL1_MSHR_avgOverflowConsumptions:v=0:n=0
P(0)_DL1_MSHR_maxOutsReqs:max=107:n=80786
P(0)_DL1_MSHR_avgReqsPerLine:v=1.11469:n=72474
P(0)_DL1_MSHR:nIssuesNewEntry=72474
P(0)_DL1_MSHR:nCanNotAcceptSubEntryFull=0
P(0)_DL1_MSHR:nCanNotAcceptTooManyWrites=0
P(0)_DL1_MSHR_avgQueueSize:v=1.93563:n=80786
P(0)_DL1_MSHR_avgWritesPerLine:v=0:n=72474
P(0)_DL1_MSHR_avgWritesPerLineComb:v=0:n=72474
P(0)_DL1_MSHR:nOnlyWrites=0
P(0)_DL1_MSHR:nRetiredEntries=72474
P(0)_DL1_MSHR:nRetiredEntriesWritten=0
P(0)_IL1:readHit=167369
P(0)_IL1:writeHit=0
P(0)_IL1:readMiss=762
P(0)_IL1:writeMiss=0
P(0)_IL1:readHalfMiss=1305
P(0)_IL1:writeHalfMiss=0
P(0)_IL1:writeBack=0
P(0)_IL1:linePush=0
P(0)_IL1:lineFill=762
P(0)_IL1:readRetry=0
P(0)_IL1:writeRetry=0
P(0)_IL1:invalDirty=0
P(0)_IL1:allocDirty=0
P(0)_IL1_occ:v=0.0244063:n=169874
P(0)_IL1_MSHR:nUse=168131
P(0)_IL1_MSHR:nUseReads=168131
P(0)_IL1_MSHR:nUseWrites=0
P(0)_IL1_MSHR:nOverflows=0
P(0)_IL1_MSHR_maxUsedEntries:max=3:n=166826
P(0)_IL1_MSHR:nCanAccept=0
P(0)_IL1_MSHR:nCanNotAccept=0
P(0)_IL1_MSHR:nCanNotAcceptConv=0
P(0)_IL1_MSHR:blockingCycles_AutoAvg=0.000000
P(0)_IL1_MSHR_avgOverflowConsumptions:v=0:n=0
P(0)_IL1_MSHR_maxOutsReqs:max=4:n=168131
P(0)_IL1_MSHR_avgReqsPerLine:v=1.00782:n=166826
P(0)_IL1_MSHR:nIssuesNewEntry=166826
P(0)_IL1_MSHR:nCanNotAcceptSubEntryFull=0
P(0)_IL1_MSHR:nCanNotAcceptTooManyWrites=0
P(0)_IL1_MSHR_avgQueueSize:v=0.137833:n=168131
P(0)_IL1_MSHR_avgWritesPerLine:v=0:n=166826
P(0)_IL1_MSHR_avgWritesPerLineComb:v=0:n=166826
P(0)_IL1_MSHR:nOnlyWrites=0
P(0)_IL1_MSHR:nRetiredEntries=166826
P(0)_IL1_MSHR:nRetiredEntriesWritten=0
LDSTQ(0)_ldldViolations=15
LDSTQ(0)_stldViolations=0
LDSTQ(0)_ststViolations=26
LDSTQ(0)_stldForwarding=53
Proc(0)_FXClusterIssueX:nReplay=1072
Proc(0)_FXClusterIssueX_wakeUp_occ:v=0.0897076:n=601075
Proc(0)_FXClusterIssueX_sched_occ:v=0.00496036:n=299172
Proc(0)_FXClusterIssueX_winNotUsed:v=37.6437:n=299172
ALUIssueX(0)_occ:v=2.53335:n=210943
LDSTIssueX(0)_occ:v=0.772553:n=118177
FULoad(0)_ldqNotUsed:v=33.0998:n=58281
FULoad(0):nForwarded=7443
FUStore(0)_stqNotUsed:v=30.0124:n=29948
FUStore(0):nDeadStore=0
FUStore(0):nFences=0
FUStore(0):fenceStallCycles=0
Proc(0)_FPClusterIssueX:nReplay=0
Proc(0)_FPClusterIssueX_wakeUp_occ:v=0.0128402:n=46261
Proc(0)_FPClusterIssueX_sched_occ:v=0:n=24496
Proc(0)_FPClusterIssueX_winNotUsed:v=12.0857:n=24496
FPIssueX(0)_occ:v=0.0697257:n=24496
Proc(0)_robUsed:v=37.7802:n=536818
Processor(0)_noFetch=0
Processor(0)_noFetch2=368687
ExeEngine(0)_retired:v=0.816352:n=396481
ExeEngine(0):noRetOtherCause=0
Processor(0):nLocks=0
Processor(0):nLockContCycles=0
ExeEngine(0):nSmallWin=584
ExeEngine(0):nSmallROB=298072
ExeEngine(0):nSmallREG=0
ExeEngine(0):nOutsLoads=0
ExeEngine(0):nOutsStores=0
ExeEngine(0):nOutsBranches=0
ExeEngine(0):nReplays=0
ExeEngine(0):PortConflict=0
ExeEngine(0):switch=0
ExeEngine(0):noRetSelf_iOpInvalid_NotExecuted=0
ExeEngine(0):noRetSelf_iALU_NotExecuted=46489
ExeEngine(0):noRetSelf_iMult_NotExecuted=153
ExeEngine(0):noRetSelf_iDiv_NotExecuted=769
ExeEngine(0):noRetSelf_iBJ_NotExecuted=4693
ExeEngine(0):noRetSelf_iLoad_NotExecuted=118811
ExeEngine(0):noRetSelf_iStore_NotExecuted=22464
ExeEngine(0):noRetSelf_fpALU_NotExecuted=11000
ExeEngine(0):noRetSelf_fpMult_NotExecuted=7644
ExeEngine(0):noRetSelf_fpDiv_NotExecuted=32287
ExeEngine(0):noRetSelf_iFence_NotExecuted=0
ExeEngine(0):noRetSelf_iLoad_NotFinished=0
ExeEngine(0):noRetSelf_iStore_NoCacheSpace=0
ExeEngine(0):noRetSelf_iStore_NoCachePorts=136
ExeEngine(0):noRetSelf_iStore_WaitForFence=0
ExeEngine(0):noRetSelf_iFence_NoCacheSpace=0
ExeEngine(0):noRetSelf_iFence_WaitForFence=0
ExeEngine(0):noRetOther_iOpInvalid_NotExecuted=0
ExeEngine(0):noRetOther_iALU_NotExecuted=38738
ExeEngine(0):noRetOther_iMult_NotExecuted=133
ExeEngine(0):noRetOther_iDiv_NotExecuted=721
ExeEngine(0):noRetOther_iBJ_NotExecuted=3515
ExeEngine(0):noRetOther_iLoad_NotExecuted=115059
ExeEngine(0):noRetOther_iStore_NotExecuted=17584
ExeEngine(0):noRetOther_fpALU_NotExecuted=9555
ExeEngine(0):noRetOther_fpMult_NotExecuted=7172
ExeEngine(0):noRetOther_fpDiv_NotExecuted=31245
ExeEngine(0):noRetOther_iFence_NotExecuted=0
ExeEngine(0):noRetOther_iLoad_NotFinished=0
ExeEngine(0):noRetOther_iStore_NoCacheSpace=0
ExeEngine(0):noRetOther_iStore_NoCachePorts=61
ExeEngine(0):noRetOther_iStore_WaitForFence=0
ExeEngine(0):noRetOther_iFence_NoCacheSpace=0
ExeEngine(0):noRetOther_iFence_WaitForFence=0
PendingWindow(0)_iOpInvalid:n=0
PendingWindow(0)_iALU:n=167689
PendingWindow(0)_iComplex:n=12527
PendingWindow(0)_iBJ:n=30727
PendingWindow(0)_iLoad:n=58281
PendingWindow(0)_iStore:n=29948
PendingWindow(0)_fpALU:n=12515
PendingWindow(0)_fpComplex:n=11981
PendingWindow(0)_other:n=0
FetchEngine(0)_avgBranchTime:v=60.2686:n=2744
FetchEngine(0)_avgInstsFetched:v=0:n=0
FetchEngine(0):nDelayInst1=330754
FetchEngine(0):nDelayInst2=11208
FetchEngine(0):nFetched=323668
FetchEngine(0):nBTAC=0
FetchEngine(0):szBB(48)=31
FetchEngine(0):szBB(1)=439
FetchEngine(0):szBB(2)=2051
FetchEngine(0):szBB(3)=4242
FetchEngine(0):szBB(4)=3300
FetchEngine(0):szBB(5)=862
FetchEngine(0):szBB(53)=1
FetchEngine(0):szBB(6)=313
FetchEngine(0):szBB(54)=1
FetchEngine(0):szBB(7)=257
FetchEngine(0):szBB(8)=157
FetchEngine(0):szBB(9)=142
FetchEngine(0):szBB(10)=2623
FetchEngine(0):szBB(11)=6790
FetchEngine(0):szBB(59)=5
FetchEngine(0):szBB(12)=5087
FetchEngine(0):szBB(13)=105
FetchEngine(0):szBB(14)=492
FetchEngine(0):szBB(15)=568
FetchEngine(0):szBB(16)=25
FetchEngine(0):szBB(17)=28
FetchEngine(0):szBB(18)=17
FetchEngine(0):szBB(19)=28
FetchEngine(0):szBB(20)=29
FetchEngine(0):szBB(21)=10
FetchEngine(0):szBB(22)=18
FetchEngine(0):szBB(23)=17
FetchEngine(0):szBB(24)=14
FetchEngine(0):szBB(25)=3
FetchEngine(0):szBB(26)=1
FetchEngine(0):szBB(27)=11
FetchEngine(0):szBB(28)=7
FetchEngine(0):szBB(76)=1
FetchEngine(0):szBB(29)=1024
FetchEngine(0):szBB(30)=992
FetchEngine(0):szBB(32)=1
FetchEngine(0):szBB(33)=9
FetchEngine(0):szBB(36)=1
FetchEngine(0):szBB(37)=1024
FetchEngine(0):szBB(39)=1
FetchEngine(0):szBB_MaxKey=76
FetchEngine(0):szBB_Avg=10.533407
FetchEngine(0):szBB_Samples=30727
FetchEngine(0):szFB(1)=86
FetchEngine(0):szFB(2)=451
FetchEngine(0):szFB(3)=254
FetchEngine(0):szFB(4)=1232
FetchEngine(0):szFB(5)=449
FetchEngine(0):szFB(6)=163
FetchEngine(0):szFB(7)=229
FetchEngine(0):szFB(8)=116
FetchEngine(0):szFB(9)=132
FetchEngine(0):szFB(10)=2181
FetchEngine(0):szFB(11)=5384
FetchEngine(0):szFB(12)=3546
FetchEngine(0):szFB(13)=84
FetchEngine(0):szFB(14)=137
FetchEngine(0):szFB(15)=1871
FetchEngine(0):szFB(16)=96
FetchEngine(0):szFB(17)=46
FetchEngine(0):szFB(18)=391
FetchEngine(0):szFB(19)=87
FetchEngine(0):szFB(20)=35
FetchEngine(0):szFB(21)=989
FetchEngine(0):szFB(22)=23
FetchEngine(0):szFB(23)=31
FetchEngine(0):szFB(24)=64
FetchEngine(0):szFB(25)=446
FetchEngine(0):szFB(26)=17
FetchEngine(0):szFB(27)=48
FetchEngine(0):szFB(28)=18
FetchEngine(0):szFB(29)=26
FetchEngine(0):szFB(30)=965
FetchEngine(0):szFB(31)=1041
FetchEngine(0):szFB(32)=34
FetchEngine(0):szFB(33)=5
FetchEngine(0):szFB(34)=4
FetchEngine(0):szFB(35)=16
FetchEngine(0):szFB(36)=7
FetchEngine(0):szFB(37)=1029
FetchEngine(0):szFB(38)=2
FetchEngine(0):szFB(40)=24
FetchEngine(0):szFB(41)=2
FetchEngine(0):szFB(43)=1
FetchEngine(0):szFB(44)=1
FetchEngine(0):szFB(45)=10
FetchEngine(0):szFB(46)=1
FetchEngine(0):szFB(47)=1
FetchEngine(0):szFB(48)=31
FetchEngine(0):szFB(49)=5
FetchEngine(0):szFB(51)=1
FetchEngine(0):szFB(56)=1
FetchEngine(0):szFB(57)=1
FetchEngine(0):szFB(58)=1
FetchEngine(0):szFB(59)=5
FetchEngine(0):szFB(61)=1
FetchEngine(0):szFB(72)=4
FetchEngine(0):szFB(78)=1
FetchEngine(0):szFB(80)=1
FetchEngine(0):szFB_MaxKey=80
FetchEngine(0):szFB_Avg=14.828424
FetchEngine(0):szFB_Samples=21827
FetchEngine(0):szFS(1)=12594
FetchEngine(0):szFS(2)=155537
FetchEngine(0):szFS_MaxKey=2
FetchEngine(0):szFS_Avg=1.925094
FetchEngine(0):szFS_Samples=168131
BPred(0)_RAS:nHit=3481
BPred(0)_RAS:nMiss=4
BPred(0):nBranches=30727
BPred(0):nTaken=21827
BPred(0):nMiss=2744
BPred(0)_Hybrid:nHit=24502
BPred(0)_Hybrid:nMiss=2740
BPred(0)_BTB:nHit=16998
BPred(0)_BTB:nMiss=744
P(1)_DL1:readHit=0
P(1)_DL1:writeHit=0
P(1)_DL1:readMiss=0
P(1)_DL1:writeMiss=0
P(1)_DL1:readHalfMiss=0
P(1)_DL1:writeHalfMiss=0
P(1)_DL1:writeBack=0
P(1)_DL1:linePush=0
P(1)_DL1:lineFill=0
P(1)_DL1:readRetry=0
P(1)_DL1:writeRetry=0
P(1)_DL1:invalDirty=0
P(1)_DL1:allocDirty=0
P(1)_RTR_CTRLmsgCntHist(2)=1087
P(1)_RTR_CTRLmsgCntHist_MaxKey=2
P(1)_RTR_CTRLmsgCntHist_Avg=2.000000
P(1)_RTR_CTRLmsgCntHist_Samples=1087
P(1)_RTR_CTRLmsgS1Hist(2)=9951
P(1)_RTR_CTRLmsgS1Hist_MaxKey=2
P(1)_RTR_CTRLmsgS1Hist_Avg=2.000000
P(1)_RTR_CTRLmsgS1Hist_Samples=9951
P(1)_RTR_CTRLmsgS2Hist(2)=91847
P(1)_RTR_CTRLmsgS2Hist_MaxKey=2
P(1)_RTR_CTRLmsgS2Hist_Avg=2.000000
P(1)_RTR_CTRLmsgS2Hist_Samples=91847
P(1)_RTR_DATAmsgCntHist(2)=959
P(1)_RTR_DATAmsgCntHist_MaxKey=2
P(1)_RTR_DATAmsgCntHist_Avg=2.000000
P(1)_RTR_DATAmsgCntHist_Samples=959
P(1)_RTR_DATAmsgS1Hist(2)=12668
P(1)_RTR_DATAmsgS1Hist_MaxKey=2
P(1)_RTR_DATAmsgS1Hist_Avg=2.000000
P(1)_RTR_DATAmsgS1Hist_Samples=12668
P(1)_RTR_DATAmsgS2Hist(2)=167964
P(1)_RTR_DATAmsgS2Hist_MaxKey=2
P(1)_RTR_DATAmsgS2Hist_Avg=2.000000
P(1)_RTR_DATAmsgS2Hist_Samples=167964
P(1)_RTR_bus_occ:v=0:n=2307
P(1)_L2S:readHalfMiss=0
P(1)_L2S:writeHalfMiss=0
P(1)_L2S:writeMiss=0
P(1)_L2S:readMiss=261
P(1)_L2S:readHit=826
P(1)_L2S:writeHit=0
P(1)_L2S:writeBack=0
P(1)_L2S:lineFill=261
P(1)_L2S:linePush=959
P(1)_L2S:nForwarded=0
P(1)_L2S:nWBFull=0
P(1)_L2S_avgPendingWrites:v=0:n=0
P(1)_L2S_avgMissLat:v=210:n=261
P(1)_L2S:rejected=0
P(1)_L2S:rejectedHits=0
P(1)_L2S_DIR_occ:v=0:n=959
P(1)_L2S_MSHR0_MSHR:nUse=261
P(1)_L2S_MSHR0_MSHR:nUseReads=261
P(1)_L2S_MSHR0_MSHR:nUseWrites=0
P(1)_L2S_MSHR0_MSHR:nOverflows=0
P(1)_L2S_MSHR0_MSHR_maxUsedEntries:max=2:n=261
P(1)_L2S_MSHR0_MSHR:nCanAccept=0
P(1)_L2S_MSHR0_MSHR:nCanNotAccept=0
P(1)_L2S_MSHR0_MSHR:nCanNotAcceptConv=0
P(1)_L2S_MSHR0_MSHR:blockingCycles_AutoAvg=0.000000
P(1)_L2S_MSHR0_MSHR_avgOverflowConsumptions:v=0:n=0
P(1)_L2S_MSHR0_MSHR_maxOutsReqs:max=2:n=261
P(1)_L2S_MSHR0_MSHR_avgReqsPerLine:v=1:n=261
P(1)_L2S_MSHR0_MSHR:nIssuesNewEntry=261
P(1)_L2S_MSHR0_MSHR:nCanNotAcceptSubEntryFull=0
P(1)_L2S_MSHR0_MSHR:nCanNotAcceptTooManyWrites=0
P(1)_L2S_MSHR0_MSHR_avgQueueSize:v=0:n=261
P(1)_L2S_MSHR0_MSHR_avgWritesPerLine:v=0:n=261
P(1)_L2S_MSHR0_MSHR_avgWritesPerLineComb:v=0:n=261
P(1)_L2S_MSHR0_MSHR:nOnlyWrites=0
P(1)_L2S_MSHR0_MSHR:nRetiredEntries=261
P(1)_L2S_MSHR0_MSHR:nRetiredEntriesWritten=0
P(1)_L2S_B0:nAccesses=0
P(1)_L2S_occ:v=0:n=2046
P(1)_L2S_B0_occ:v=0:n=2307
P(1)_L2S_MSHR_B0_occ:v=0:n=783
P(1)_DL1_occ:v=0:n=0
P(1)_DL1_MSHR:nUse=0
P(1)_DL1_MSHR:nUseReads=0
P(1)_DL1_MSHR:nUseWrites=0
P(1)_DL1_MSHR:nOverflows=0
P(1)_DL1_MSHR_maxUsedEntries:max=0:n=0
P(1)_DL1_MSHR:nCanAccept=0
P(1)_DL1_MSHR:nCanNotAccept=0
P(1)_DL1_MSHR:nCanNotAcceptConv=0
P(1)_DL1_MSHR:blockingCycles_AutoAvg=0.000000
P(1)_DL1_MSHR_avgOverflowConsumptions:v=0:n=0
P(1)_DL1_MSHR_maxOutsReqs:max=0:n=0
P(1)_DL1_MSHR_avgReqsPerLine:v=0:n=0
P(1)_DL1_MSHR:nIssuesNewEntry=0
P(1)_DL1_MSHR:nCanNotAcceptSubEntryFull=0
P(1)_DL1_MSHR:nCanNotAcceptTooManyWrites=0
P(1)_DL1_MSHR_avgQueueSize:v=0:n=0
P(1)_DL1_MSHR_avgWritesPerLine:v=0:n=0
P(1)_DL1_MSHR_avgWritesPerLineComb:v=0:n=0
P(1)_DL1_MSHR:nOnlyWrites=0
P(1)_DL1_MSHR:nRetiredEntries=0
P(1)_DL1_MSHR:nRetiredEntriesWritten=0
P(1)_IL1:readHit=0
P(1)_IL1:writeHit=0
P(1)_IL1:readMiss=0
P(1)_IL1:writeMiss=0
P(1)_IL1:readHalfMiss=0
P(1)_IL1:writeHalfMiss=0
P(1)_IL1:writeBack=0
P(1)_IL1:linePush=0
P(1)_IL1:lineFill=0
P(1)_IL1:readRetry=0
P(1)_IL1:writeRetry=0
P(1)_IL1:invalDirty=0
P(1)_IL1:allocDirty=0
P(1)_IL1_occ:v=0:n=0
P(1)_IL1_MSHR:nUse=0
P(1)_IL1_MSHR:nUseReads=0
P(1)_IL1_MSHR:nUseWrites=0
P(1)_IL1_MSHR:nOverflows=0
P(1)_IL1_MSHR_maxUsedEntries:max=0:n=0
P(1)_IL1_MSHR:nCanAccept=0
P(1)_IL1_MSHR:nCanNotAccept=0
P(1)_IL1_MSHR:nCanNotAcceptConv=0
P(1)_IL1_MSHR:blockingCycles_AutoAvg=0.000000
P(1)_IL1_MSHR_avgOverflowConsumptions:v=0:n=0
P(1)_IL1_MSHR_maxOutsReqs:max=0:n=0
P(1)_IL1_MSHR_avgReqsPerLine:v=0:n=0
P(1)_IL1_MSHR:nIssuesNewEntry=0
P(1)_IL1_MSHR:nCanNotAcceptSubEntryFull=0
P(1)_IL1_MSHR:nCanNotAcceptTooManyWrites=0
P(1)_IL1_MSHR_avgQueueSize:v=0:n=0
P(1)_IL1_MSHR_avgWritesPerLine:v=0:n=0
P(1)_IL1_MSHR_avgWritesPerLineComb:v=0:n=0
P(1)_IL1_MSHR:nOnlyWrites=0
P(1)_IL1_MSHR:nRetiredEntries=0
P(1)_IL1_MSHR:nRetiredEntriesWritten=0
LDSTQ(1)_ldldViolations=0
LDSTQ(1)_stldViolations=0
LDSTQ(1)_ststViolations=0
LDSTQ(1)_stldForwarding=0
Proc(1)_FXClusterIssueX:nReplay=0
Proc(1)_FXClusterIssueX_wakeUp_occ:v=0:n=0
Proc(1)_FXClusterIssueX_sched_occ:v=0:n=0
Proc(1)_FXClusterIssueX_winNotUsed:v=0:n=0
ALUIssueX(1)_occ:v=0:n=0
LDSTIssueX(1)_occ:v=0:n=0
FULoad(1)_ldqNotUsed:v=0:n=0
FULoad(1):nForwarded=0
FUStore(1)_stqNotUsed:v=0:n=0
FUStore(1):nDeadStore=0
FUStore(1):nFences=0
FUStore(1):fenceStallCycles=0
Proc(1)_FPClusterIssueX:nReplay=0
Proc(1)_FPClusterIssueX_wakeUp_occ:v=0:n=0
Proc(1)_FPClusterIssueX_sched_occ:v=0:n=0
Proc(1)_FPClusterIssueX_winNotUsed:v=0:n=0
FPIssueX(1)_occ:v=0:n=0
Proc(1)_robUsed:v=0:n=0
Processor(1)_noFetch=0
Processor(1)_noFetch2=0
ExeEngine(1)_retired:v=0:n=0
ExeEngine(1):noRetOtherCause=0
Processor(1):nLocks=0
Processor(1):nLockContCycles=0
ExeEngine(1):nSmallWin=0
ExeEngine(1):nSmallROB=0
ExeEngine(1):nSmallREG=0
ExeEngine(1):nOutsLoads=0
ExeEngine(1):nOutsStores=0
ExeEngine(1):nOutsBranches=0
ExeEngine(1):nReplays=0
ExeEngine(1):PortConflict=0
ExeEngine(1):switch=0
ExeEngine(1):noRetSelf_iOpInvalid_NotExecuted=0
ExeEngine(1):noRetSelf_iALU_NotExecuted=0
ExeEngine(1):noRetSelf_iMult_NotExecuted=0
ExeEngine(1):noRetSelf_iDiv_NotExecuted=0
ExeEngine(1):noRetSelf_iBJ_NotExecuted=0
ExeEngine(1):noRetSelf_iLoad_NotExecuted=0
ExeEngine(1):noRetSelf_iStore_NotExecuted=0
ExeEngine(1):noRetSelf_fpALU_NotExecuted=0
ExeEngine(1):noRetSelf_fpMult_NotExecuted=0
ExeEngine(1):noRetSelf_fpDiv_NotExecuted=0
ExeEngine(1):noRetSelf_iFence_NotExecuted=0
ExeEngine(1):noRetSelf_iLoad_NotFinished=0
ExeEngine(1):noRetSelf_iStore_NoCacheSpace=0
ExeEngine(1):noRetSelf_iStore_NoCachePorts=0
ExeEngine(1):noRetSelf_iStore_WaitForFence=0
ExeEngine(1):noRetSelf_iFence_NoCacheSpace=0
ExeEngine(1):noRetSelf_iFence_WaitForFence=0
ExeEngine(1):noRetOther_iOpInvalid_NotExecuted=0
ExeEngine(1):noRetOther_iALU_NotExecuted=0
ExeEngine(1):noRetOther_iMult_NotExecuted=0
ExeEngine(1):noRetOther_iDiv_NotExecuted=0
ExeEngine(1):noRetOther_iBJ_NotExecuted=0
ExeEngine(1):noRetOther_iLoad_NotExecuted=0
ExeEngine(1):noRetOther_iStore_NotExecuted=0
ExeEngine(1):noRetOther_fpALU_NotExecuted=0
ExeEngine(1):noRetOther_fpMult_NotExecuted=0
ExeEngine(1):noRetOther_fpDiv_NotExecuted=0
ExeEngine(1):noRetOther_iFence_NotExecuted=0
ExeEngine(1):noRetOther_iLoad_NotFinished=0
ExeEngine(1):noRetOther_iStore_NoCacheSpace=0
ExeEngine(1):noRetOther_iStore_NoCachePorts=0
ExeEngine(1):noRetOther_iStore_WaitForFence=0
ExeEngine(1):noRetOther_iFence_NoCacheSpace=0
ExeEngine(1):noRetOther_iFence_WaitForFence=0
PendingWindow(1)_iOpInvalid:n=0
PendingWindow(1)_iALU:n=0
PendingWindow(1)_iComplex:n=0
PendingWindow(1)_iBJ:n=0
PendingWindow(1)_iLoad:n=0
PendingWindow(1)_iStore:n=0
PendingWindow(1)_fpALU:n=0
PendingWindow(1)_fpComplex:n=0
PendingWindow(1)_other:n=0
FetchEngine(1)_avgBranchTime:v=0:n=0
FetchEngine(1)_avgInstsFetched:v=0:n=0
FetchEngine(1):nDelayInst1=0
FetchEngine(1):nDelayInst2=0
FetchEngine(1):nFetched=0
FetchEngine(1):nBTAC=0
FetchEngine(1):szBB_MaxKey=0
FetchEngine(1):szBB_Avg=-nan
FetchEngine(1):szBB_Samples=0
FetchEngine(1):szFB_MaxKey=0
FetchEngine(1):szFB_Avg=-nan
FetchEngine(1):szFB_Samples=0
FetchEngine(1):szFS_MaxKey=0
FetchEngine(1):szFS_Avg=-nan
FetchEngine(1):szFS_Samples=0
BPred(1)_RAS:nHit=0
BPred(1)_RAS:nMiss=0
BPred(1):nBranches=0
BPred(1):nTaken=0
BPred(1):nMiss=0
BPred(1)_Hybrid:nHit=0
BPred(1)_Hybrid:nMiss=0
BPred(1)_BTB:nHit=0
BPred(1)_BTB:nMiss=0
P(2)_DL1:readHit=0
P(2)_DL1:writeHit=0
P(2)_DL1:readMiss=0
P(2)_DL1:writeMiss=0
P(2)_DL1:readHalfMiss=0
P(2)_DL1:writeHalfMiss=0
P(2)_DL1:writeBack=0
P(2)_DL1:linePush=0
P(2)_DL1:lineFill=0
P(2)_DL1:readRetry=0
P(2)_DL1:writeRetry=0
P(2)_DL1:invalDirty=0
P(2)_DL1:allocDirty=0
P(2)_RTR_CTRLmsgCntHist(2)=1014
P(2)_RTR_CTRLmsgCntHist_MaxKey=2
P(2)_RTR_CTRLmsgCntHist_Avg=2.000000
P(2)_RTR_CTRLmsgCntHist_Samples=1014
P(2)_RTR_CTRLmsgS1Hist(2)=9239
P(2)_RTR_CTRLmsgS1Hist_MaxKey=2
P(2)_RTR_CTRLmsgS1Hist_Avg=2.000000
P(2)_RTR_CTRLmsgS1Hist_Samples=9239
P(2)_RTR_CTRLmsgS2Hist(2)=84733
P(2)_RTR_CTRLmsgS2Hist_MaxKey=2
P(2)_RTR_CTRLmsgS2Hist_Avg=2.000000
P(2)_RTR_CTRLmsgS2Hist_Samples=84733
P(2)_RTR_DATAmsgCntHist(2)=886
P(2)_RTR_DATAmsgCntHist_MaxKey=2
P(2)_RTR_DATAmsgCntHist_Avg=2.000000
P(2)_RTR_DATAmsgCntHist_Samples=886
P(2)_RTR_DATAmsgS1Hist(2)=11638
P(2)_RTR_DATAmsgS1Hist_MaxKey=2
P(2)_RTR_DATAmsgS1Hist_Avg=2.000000
P(2)_RTR_DATAmsgS1Hist_Samples=11638
P(2)_RTR_DATAmsgS2Hist(2)=153308
P(2)_RTR_DATAmsgS2Hist_MaxKey=2
P(2)_RTR_DATAmsgS2Hist_Avg=2.000000
P(2)_RTR_DATAmsgS2Hist_Samples=153308
P(2)_RTR_bus_occ:v=0:n=2169
P(2)_L2S:readHalfMiss=0
P(2)_L2S:writeHalfMiss=0
P(2)_L2S:writeMiss=0
P(2)_L2S:readMiss=269
P(2)_L2S:readHit=745
P(2)_L2S:writeHit=0
P(2)_L2S:writeBack=0
P(2)_L2S:lineFill=269
P(2)_L2S:linePush=886
P(2)_L2S:nForwarded=0
P(2)_L2S:nWBFull=0
P(2)_L2S_avgPendingWrites:v=0:n=0
P(2)_L2S_avgMissLat:v=210:n=269
P(2)_L2S:rejected=0
P(2)_L2S:rejectedHits=0
P(2)_L2S_DIR_occ:v=0:n=886
P(2)_L2S_MSHR0_MSHR:nUse=269
P(2)_L2S_MSHR0_MSHR:nUseReads=269
P(2)_L2S_MSHR0_MSHR:nUseWrites=0
P(2)_L2S_MSHR0_MSHR:nOverflows=0
P(2)_L2S_MSHR0_MSHR_maxUsedEntries:max=3:n=269
P(2)_L2S_MSHR0_MSHR:nCanAccept=0
P(2)_L2S_MSHR0_MSHR:nCanNotAccept=0
P(2)_L2S_MSHR0_MSHR:nCanNotAcceptConv=0
P(2)_L2S_MSHR0_MSHR:blockingCycles_AutoAvg=0.000000
P(2)_L2S_MSHR0_MSHR_avgOverflowConsumptions:v=0:n=0
P(2)_L2S_MSHR0_MSHR_maxOutsReqs:max=3:n=269
P(2)_L2S_MSHR0_MSHR_avgReqsPerLine:v=1:n=269
P(2)_L2S_MSHR0_MSHR:nIssuesNewEntry=269
P(2)_L2S_MSHR0_MSHR:nCanNotAcceptSubEntryFull=0
P(2)_L2S_MSHR0_MSHR:nCanNotAcceptTooManyWrites=0
P(2)_L2S_MSHR0_MSHR_avgQueueSize:v=0:n=269
P(2)_L2S_MSHR0_MSHR_avgWritesPerLine:v=0:n=269
P(2)_L2S_MSHR0_MSHR_avgWritesPerLineComb:v=0:n=269
P(2)_L2S_MSHR0_MSHR:nOnlyWrites=0
P(2)_L2S_MSHR0_MSHR:nRetiredEntries=269
P(2)_L2S_MSHR0_MSHR:nRetiredEntriesWritten=0
P(2)_L2S_B0:nAccesses=0
P(2)_L2S_occ:v=0:n=1900
P(2)_L2S_B0_occ:v=0:n=2169
P(2)_L2S_MSHR_B0_occ:v=0:n=807
P(2)_DL1_occ:v=0:n=0
P(2)_DL1_MSHR:nUse=0
P(2)_DL1_MSHR:nUseReads=0
P(2)_DL1_MSHR:nUseWrites=0
P(2)_DL1_MSHR:nOverflows=0
P(2)_DL1_MSHR_maxUsedEntries:max=0:n=0
P(2)_DL1_MSHR:nCanAccept=0
P(2)_DL1_MSHR:nCanNotAccept=0
P(2)_DL1_MSHR:nCanNotAcceptConv=0
P(2)_DL1_MSHR:blockingCycles_AutoAvg=0.000000
P(2)_DL1_MSHR_avgOverflowConsumptions:v=0:n=0
P(2)_DL1_MSHR_maxOutsReqs:max=0:n=0
P(2)_DL1_MSHR_avgReqsPerLine:v=0:n=0
P(2)_DL1_MSHR:nIssuesNewEntry=0
P(2)_DL1_MSHR:nCanNotAcceptSubEntryFull=0
P(2)_DL1_MSHR:nCanNotAcceptTooManyWrites=0
P(2)_DL1_MSHR_avgQueueSize:v=0:n=0
P(2)_DL1_MSHR_avgWritesPerLine:v=0:n=0
P(2)_DL1_MSHR_avgWritesPerLineComb:v=0:n=0
P(2)_DL1_MSHR:nOnlyWrites=0
P(2)_DL1_MSHR:nRetiredEntries=0
P(2)_DL1_MSHR:nRetiredEntriesWritten=0
P(2)_IL1:readHit=0
P(2)_IL1:writeHit=0
P(2)_IL1:readMiss=0
P(2)_IL1:writeMiss=0
P(2)_IL1:readHalfMiss=0
P(2)_IL1:writeHalfMiss=0
P(2)_IL1:writeBack=0
P(2)_IL1:linePush=0
P(2)_IL1:lineFill=0
P(2)_IL1:readRetry=0
P(2)_IL1:writeRetry=0
P(2)_IL1:invalDirty=0
P(2)_IL1:allocDirty=0
P(2)_IL1_occ:v=0:n=0
P(2)_IL1_MSHR:nUse=0
P(2)_IL1_MSHR:nUseReads=0
P(2)_IL1_MSHR:nUseWrites=0
P(2)_IL1_MSHR:nOverflows=0
P(2)_IL1_MSHR_maxUsedEntries:max=0:n=0
P(2)_IL1_MSHR:nCanAccept=0
P(2)_IL1_MSHR:nCanNotAccept=0
P(2)_IL1_MSHR:nCanNotAcceptConv=0
P(2)_IL1_MSHR:blockingCycles_AutoAvg=0.000000
P(2)_IL1_MSHR_avgOverflowConsumptions:v=0:n=0
P(2)_IL1_MSHR_maxOutsReqs:max=0:n=0
P(2)_IL1_MSHR_avgReqsPerLine:v=0:n=0
P(2)_IL1_MSHR:nIssuesNewEntry=0
P(2)_IL1_MSHR:nCanNotAcceptSubEntryFull=0
P(2)_IL1_MSHR:nCanNotAcceptTooManyWrites=0
P(2)_IL1_MSHR_avgQueueSize:v=0:n=0
P(2)_IL1_MSHR_avgWritesPerLine:v=0:n=0
P(2)_IL1_MSHR_avgWritesPerLineComb:v=0:n=0
P(2)_IL1_MSHR:nOnlyWrites=0
P(2)_IL1_MSHR:nRetiredEntries=0
P(2)_IL1_MSHR:nRetiredEntriesWritten=0
LDSTQ(2)_ldldViolations=0
LDSTQ(2)_stldViolations=0
LDSTQ(2)_ststViolations=0
LDSTQ(2)_stldForwarding=0
Proc(2)_FXClusterIssueX:nReplay=0
Proc(2)_FXClusterIssueX_wakeUp_occ:v=0:n=0
Proc(2)_FXClusterIssueX_sched_occ:v=0:n=0
Proc(2)_FXClusterIssueX_winNotUsed:v=0:n=0
ALUIssueX(2)_occ:v=0:n=0
LDSTIssueX(2)_occ:v=0:n=0
FULoad(2)_ldqNotUsed:v=0:n=0
FULoad(2):nForwarded=0
FUStore(2)_stqNotUsed:v=0:n=0
FUStore(2):nDeadStore=0
FUStore(2):nFences=0
FUStore(2):fenceStallCycles=0
Proc(2)_FPClusterIssueX:nReplay=0
Proc(2)_FPClusterIssueX_wakeUp_occ:v=0:n=0
Proc(2)_FPClusterIssueX_sched_occ:v=0:n=0
Proc(2)_FPClusterIssueX_winNotUsed:v=0:n=0
FPIssueX(2)_occ:v=0:n=0
Proc(2)_robUsed:v=0:n=0
Processor(2)_noFetch=0
Processor(2)_noFetch2=0
ExeEngine(2)_retired:v=0:n=0
ExeEngine(2):noRetOtherCause=0
Processor(2):nLocks=0
Processor(2):nLockContCycles=0
ExeEngine(2):nSmallWin=0
ExeEngine(2):nSmallROB=0
ExeEngine(2):nSmallREG=0
ExeEngine(2):nOutsLoads=0
ExeEngine(2):nOutsStores=0
ExeEngine(2):nOutsBranches=0
ExeEngine(2):nReplays=0
ExeEngine(2):PortConflict=0
ExeEngine(2):switch=0
ExeEngine(2):noRetSelf_iOpInvalid_NotExecuted=0
ExeEngine(2):noRetSelf_iALU_NotExecuted=0
ExeEngine(2):noRetSelf_iMult_NotExecuted=0
ExeEngine(2):noRetSelf_iDiv_NotExecuted=0
ExeEngine(2):noRetSelf_iBJ_NotExecuted=0
ExeEngine(2):noRetSelf_iLoad_NotExecuted=0
ExeEngine(2):noRetSelf_iStore_NotExecuted=0
ExeEngine(2):noRetSelf_fpALU_NotExecuted=0
ExeEngine(2):noRetSelf_fpMult_NotExecuted=0
ExeEngine(2):noRetSelf_fpDiv_NotExecuted=0
ExeEngine(2):noRetSelf_iFence_NotExecuted=0
ExeEngine(2):noRetSelf_iLoad_NotFinished=0
ExeEngine(2):noRetSelf_iStore_NoCacheSpace=0
ExeEngine(2):noRetSelf_iStore_NoCachePorts=0
ExeEngine(2):noRetSelf_iStore_WaitForFence=0
ExeEngine(2):noRetSelf_iFence_NoCacheSpace=0
ExeEngine(2):noRetSelf_iFence_WaitForFence=0
ExeEngine(2):noRetOther_iOpInvalid_NotExecuted=0
ExeEngine(2):noRetOther_iALU_NotExecuted=0
ExeEngine(2):noRetOther_iMult_NotExecuted=0
ExeEngine(2):noRetOther_iDiv_NotExecuted=0
ExeEngine(2):noRetOther_iBJ_NotExecuted=0
ExeEngine(2):noRetOther_iLoad_NotExecuted=0
ExeEngine(2):noRetOther_iStore_NotExecuted=0
ExeEngine(2):noRetOther_fpALU_NotExecuted=0
ExeEngine(2):noRetOther_fpMult_NotExecuted=0
ExeEngine(2):noRetOther_fpDiv_NotExecuted=0
ExeEngine(2):noRetOther_iFence_NotExecuted=0
ExeEngine(2):noRetOther_iLoad_NotFinished=0
ExeEngine(2):noRetOther_iStore_NoCacheSpace=0
ExeEngine(2):noRetOther_iStore_NoCachePorts=0
ExeEngine(2):noRetOther_iStore_WaitForFence=0
ExeEngine(2):noRetOther_iFence_NoCacheSpace=0
ExeEngine(2):noRetOther_iFence_WaitForFence=0
PendingWindow(2)_iOpInvalid:n=0
PendingWindow(2)_iALU:n=0
PendingWindow(2)_iComplex:n=0
PendingWindow(2)_iBJ:n=0
PendingWindow(2)_iLoad:n=0
PendingWindow(2)_iStore:n=0
PendingWindow(2)_fpALU:n=0
PendingWindow(2)_fpComplex:n=0
PendingWindow(2)_other:n=0
FetchEngine(2)_avgBranchTime:v=0:n=0
FetchEngine(2)_avgInstsFetched:v=0:n=0
FetchEngine(2):nDelayInst1=0
FetchEngine(2):nDelayInst2=0
FetchEngine(2):nFetched=0
FetchEngine(2):nBTAC=0
FetchEngine(2):szBB_MaxKey=0
FetchEngine(2):szBB_Avg=-nan
FetchEngine(2):szBB_Samples=0
FetchEngine(2):szFB_MaxKey=0
FetchEngine(2):szFB_Avg=-nan
FetchEngine(2):szFB_Samples=0
FetchEngine(2):szFS_MaxKey=0
FetchEngine(2):szFS_Avg=-nan
FetchEngine(2):szFS_Samples=0
BPred(2)_RAS:nHit=0
BPred(2)_RAS:nMiss=0
BPred(2):nBranches=0
BPred(2):nTaken=0
BPred(2):nMiss=0
BPred(2)_Hybrid:nHit=0
BPred(2)_Hybrid:nMiss=0
BPred(2)_BTB:nHit=0
BPred(2)_BTB:nMiss=0
P(3)_DL1:readHit=0
P(3)_DL1:writeHit=0
P(3)_DL1:readMiss=0
P(3)_DL1:writeMiss=0
P(3)_DL1:readHalfMiss=0
P(3)_DL1:writeHalfMiss=0
P(3)_DL1:writeBack=0
P(3)_DL1:linePush=0
P(3)_DL1:lineFill=0
P(3)_DL1:readRetry=0
P(3)_DL1:writeRetry=0
P(3)_DL1:invalDirty=0
P(3)_DL1:allocDirty=0
P(3)_RTR_CTRLmsgCntHist(3)=1100
P(3)_RTR_CTRLmsgCntHist_MaxKey=3
P(3)_RTR_CTRLmsgCntHist_Avg=3.000000
P(3)_RTR_CTRLmsgCntHist_Samples=1100
P(3)_RTR_CTRLmsgS1Hist(3)=13373
P(3)_RTR_CTRLmsgS1Hist_MaxKey=3
P(3)_RTR_CTRLmsgS1Hist_Avg=3.000000
P(3)_RTR_CTRLmsgS1Hist_Samples=13373
P(3)_RTR_CTRLmsgS2Hist(3)=163389
P(3)_RTR_CTRLmsgS2Hist_MaxKey=3
P(3)_RTR_CTRLmsgS2Hist_Avg=3.000000
P(3)_RTR_CTRLmsgS2Hist_Samples=163389
P(3)_RTR_DATAmsgCntHist(3)=972
P(3)_RTR_DATAmsgCntHist_MaxKey=3
P(3)_RTR_DATAmsgCntHist_Avg=3.000000
P(3)_RTR_DATAmsgCntHist_Samples=972
P(3)_RTR_DATAmsgS1Hist(3)=15731
P(3)_RTR_DATAmsgS1Hist_MaxKey=3
P(3)_RTR_DATAmsgS1Hist_Avg=3.000000
P(3)_RTR_DATAmsgS1Hist_Samples=15731
P(3)_RTR_DATAmsgS2Hist(3)=255225
P(3)_RTR_DATAmsgS2Hist_MaxKey=3
P(3)_RTR_DATAmsgS2Hist_Avg=3.000000
P(3)_RTR_DATAmsgS2Hist_Samples=255225
P(3)_RTR_bus_occ:v=0:n=2335
P(3)_L2S:readHalfMiss=0
P(3)_L2S:writeHalfMiss=0
P(3)_L2S:writeMiss=0
P(3)_L2S:readMiss=263
P(3)_L2S:readHit=837
P(3)_L2S:writeHit=0
P(3)_L2S:writeBack=0
P(3)_L2S:lineFill=263
P(3)_L2S:linePush=972
P(3)_L2S:nForwarded=0
P(3)_L2S:nWBFull=0
P(3)_L2S_avgPendingWrites:v=0:n=0
P(3)_L2S_avgMissLat:v=210:n=263
P(3)_L2S:rejected=0
P(3)_L2S:rejectedHits=0
P(3)_L2S_DIR_occ:v=0:n=972
P(3)_L2S_MSHR0_MSHR:nUse=263
P(3)_L2S_MSHR0_MSHR:nUseReads=263
P(3)_L2S_MSHR0_MSHR:nUseWrites=0
P(3)_L2S_MSHR0_MSHR:nOverflows=0
P(3)_L2S_MSHR0_MSHR_maxUsedEntries:max=3:n=263
P(3)_L2S_MSHR0_MSHR:nCanAccept=0
P(3)_L2S_MSHR0_MSHR:nCanNotAccept=0
P(3)_L2S_MSHR0_MSHR:nCanNotAcceptConv=0
P(3)_L2S_MSHR0_MSHR:blockingCycles_AutoAvg=0.000000
P(3)_L2S_MSHR0_MSHR_avgOverflowConsumptions:v=0:n=0
P(3)_L2S_MSHR0_MSHR_maxOutsReqs:max=3:n=263
P(3)_L2S_MSHR0_MSHR_avgReqsPerLine:v=1:n=263
P(3)_L2S_MSHR0_MSHR:nIssuesNewEntry=263
P(3)_L2S_MSHR0_MSHR:nCanNotAcceptSubEntryFull=0
P(3)_L2S_MSHR0_MSHR:nCanNotAcceptTooManyWrites=0
P(3)_L2S_MSHR0_MSHR_avgQueueSize:v=0:n=263
P(3)_L2S_MSHR0_MSHR_avgWritesPerLine:v=0:n=263
P(3)_L2S_MSHR0_MSHR_avgWritesPerLineComb:v=0:n=263
P(3)_L2S_MSHR0_MSHR:nOnlyWrites=0
P(3)_L2S_MSHR0_MSHR:nRetiredEntries=263
P(3)_L2S_MSHR0_MSHR:nRetiredEntriesWritten=0
P(3)_L2S_B0:nAccesses=0
P(3)_L2S_occ:v=0:n=2072
P(3)_L2S_B0_occ:v=0:n=2335
P(3)_L2S_MSHR_B0_occ:v=0.00126743:n=789
P(3)_DL1_occ:v=0:n=0
P(3)_DL1_MSHR:nUse=0
P(3)_DL1_MSHR:nUseReads=0
P(3)_DL1_MSHR:nUseWrites=0
P(3)_DL1_MSHR:nOverflows=0
P(3)_DL1_MSHR_maxUsedEntries:max=0:n=0
P(3)_DL1_MSHR:nCanAccept=0
P(3)_DL1_MSHR:nCanNotAccept=0
P(3)_DL1_MSHR:nCanNotAcceptConv=0
P(3)_DL1_MSHR:blockingCycles_AutoAvg=0.000000
P(3)_DL1_MSHR_avgOverflowConsumptions:v=0:n=0
P(3)_DL1_MSHR_maxOutsReqs:max=0:n=0
P(3)_DL1_MSHR_avgReqsPerLine:v=0:n=0
P(3)_DL1_MSHR:nIssuesNewEntry=0
P(3)_DL1_MSHR:nCanNotAcceptSubEntryFull=0
P(3)_DL1_MSHR:nCanNotAcceptTooManyWrites=0
P(3)_DL1_MSHR_avgQueueSize:v=0:n=0
P(3)_DL1_MSHR_avgWritesPerLine:v=0:n=0
P(3)_DL1_MSHR_avgWritesPerLineComb:v=0:n=0
P(3)_DL1_MSHR:nOnlyWrites=0
P(3)_DL1_MSHR:nRetiredEntries=0
P(3)_DL1_MSHR:nRetiredEntriesWritten=0
P(3)_IL1:readHit=0
P(3)_IL1:writeHit=0
P(3)_IL1:readMiss=0
P(3)_IL1:writeMiss=0
P(3)_IL1:readHalfMiss=0
P(3)_IL1:writeHalfMiss=0
P(3)_IL1:writeBack=0
P(3)_IL1:linePush=0
P(3)_IL1:lineFill=0
P(3)_IL1:readRetry=0
P(3)_IL1:writeRetry=0
P(3)_IL1:invalDirty=0
P(3)_IL1:allocDirty=0
P(3)_IL1_occ:v=0:n=0
P(3)_IL1_MSHR:nUse=0
P(3)_IL1_MSHR:nUseReads=0
P(3)_IL1_MSHR:nUseWrites=0
P(3)_IL1_MSHR:nOverflows=0
P(3)_IL1_MSHR_maxUsedEntries:max=0:n=0
P(3)_IL1_MSHR:nCanAccept=0
P(3)_IL1_MSHR:nCanNotAccept=0
P(3)_IL1_MSHR:nCanNotAcceptConv=0
P(3)_IL1_MSHR:blockingCycles_AutoAvg=0.000000
P(3)_IL1_MSHR_avgOverflowConsumptions:v=0:n=0
P(3)_IL1_MSHR_maxOutsReqs:max=0:n=0
P(3)_IL1_MSHR_avgReqsPerLine:v=0:n=0
P(3)_IL1_MSHR:nIssuesNewEntry=0
P(3)_IL1_MSHR:nCanNotAcceptSubEntryFull=0
P(3)_IL1_MSHR:nCanNotAcceptTooManyWrites=0
P(3)_IL1_MSHR_avgQueueSize:v=0:n=0
P(3)_IL1_MSHR_avgWritesPerLine:v=0:n=0
P(3)_IL1_MSHR_avgWritesPerLineComb:v=0:n=0
P(3)_IL1_MSHR:nOnlyWrites=0
P(3)_IL1_MSHR:nRetiredEntries=0
P(3)_IL1_MSHR:nRetiredEntriesWritten=0
LDSTQ(3)_ldldViolations=0
LDSTQ(3)_stldViolations=0
LDSTQ(3)_ststViolations=0
LDSTQ(3)_stldForwarding=0
Proc(3)_FXClusterIssueX:nReplay=0
Proc(3)_FXClusterIssueX_wakeUp_occ:v=0:n=0
Proc(3)_FXClusterIssueX_sched_occ:v=0:n=0
Proc(3)_FXClusterIssueX_winNotUsed:v=0:n=0
ALUIssueX(3)_occ:v=0:n=0
LDSTIssueX(3)_occ:v=0:n=0
FULoad(3)_ldqNotUsed:v=0:n=0
FULoad(3):nForwarded=0
FUStore(3)_stqNotUsed:v=0:n=0
FUStore(3):nDeadStore=0
FUStore(3):nFences=0
FUStore(3):fenceStallCycles=0
Proc(3)_FPClusterIssueX:nReplay=0
Proc(3)_FPClusterIssueX_wakeUp_occ:v=0:n=0
Proc(3)_FPClusterIssueX_sched_occ:v=0:n=0
Proc(3)_FPClusterIssueX_winNotUsed:v=0:n=0
FPIssueX(3)_occ:v=0:n=0
Proc(3)_robUsed:v=0:n=0
Processor(3)_noFetch=0
Processor(3)_noFetch2=0
ExeEngine(3)_retired:v=0:n=0
ExeEngine(3):noRetOtherCause=0
Processor(3):nLocks=0
Processor(3):nLockContCycles=0
ExeEngine(3):nSmallWin=0
ExeEngine(3):nSmallROB=0
ExeEngine(3):nSmallREG=0
ExeEngine(3):nOutsLoads=0
ExeEngine(3):nOutsStores=0
ExeEngine(3):nOutsBranches=0
ExeEngine(3):nReplays=0
ExeEngine(3):PortConflict=0
ExeEngine(3):switch=0
ExeEngine(3):noRetSelf_iOpInvalid_NotExecuted=0
ExeEngine(3):noRetSelf_iALU_NotExecuted=0
ExeEngine(3):noRetSelf_iMult_NotExecuted=0
ExeEngine(3):noRetSelf_iDiv_NotExecuted=0
ExeEngine(3):noRetSelf_iBJ_NotExecuted=0
ExeEngine(3):noRetSelf_iLoad_NotExecuted=0
ExeEngine(3):noRetSelf_iStore_NotExecuted=0
ExeEngine(3):noRetSelf_fpALU_NotExecuted=0
ExeEngine(3):noRetSelf_fpMult_NotExecuted=0
ExeEngine(3):noRetSelf_fpDiv_NotExecuted=0
ExeEngine(3):noRetSelf_iFence_NotExecuted=0
ExeEngine(3):noRetSelf_iLoad_NotFinished=0
ExeEngine(3):noRetSelf_iStore_NoCacheSpace=0
ExeEngine(3):noRetSelf_iStore_NoCachePorts=0
ExeEngine(3):noRetSelf_iStore_WaitForFence=0
ExeEngine(3):noRetSelf_iFence_NoCacheSpace=0
ExeEngine(3):noRetSelf_iFence_WaitForFence=0
ExeEngine(3):noRetOther_iOpInvalid_NotExecuted=0
ExeEngine(3):noRetOther_iALU_NotExecuted=0
ExeEngine(3):noRetOther_iMult_NotExecuted=0
ExeEngine(3):noRetOther_iDiv_NotExecuted=0
ExeEngine(3):noRetOther_iBJ_NotExecuted=0
ExeEngine(3):noRetOther_iLoad_NotExecuted=0
ExeEngine(3):noRetOther_iStore_NotExecuted=0
ExeEngine(3):noRetOther_fpALU_NotExecuted=0
ExeEngine(3):noRetOther_fpMult_NotExecuted=0
ExeEngine(3):noRetOther_fpDiv_NotExecuted=0
ExeEngine(3):noRetOther_iFence_NotExecuted=0
ExeEngine(3):noRetOther_iLoad_NotFinished=0
ExeEngine(3):noRetOther_iStore_NoCacheSpace=0
ExeEngine(3):noRetOther_iStore_NoCachePorts=0
ExeEngine(3):noRetOther_iStore_WaitForFence=0
ExeEngine(3):noRetOther_iFence_NoCacheSpace=0
ExeEngine(3):noRetOther_iFence_WaitForFence=0
PendingWindow(3)_iOpInvalid:n=0
PendingWindow(3)_iALU:n=0
PendingWindow(3)_iComplex:n=0
PendingWindow(3)_iBJ:n=0
PendingWindow(3)_iLoad:n=0
PendingWindow(3)_iStore:n=0
PendingWindow(3)_fpALU:n=0
PendingWindow(3)_fpComplex:n=0
PendingWindow(3)_other:n=0
FetchEngine(3)_avgBranchTime:v=0:n=0
FetchEngine(3)_avgInstsFetched:v=0:n=0
FetchEngine(3):nDelayInst1=0
FetchEngine(3):nDelayInst2=0
FetchEngine(3):nFetched=0
FetchEngine(3):nBTAC=0
FetchEngine(3):szBB_MaxKey=0
FetchEngine(3):szBB_Avg=-nan
FetchEngine(3):szBB_Samples=0
FetchEngine(3):szFB_MaxKey=0
FetchEngine(3):szFB_Avg=-nan
FetchEngine(3):szFB_Samples=0
FetchEngine(3):szFS_MaxKey=0
FetchEngine(3):szFS_Avg=-nan
FetchEngine(3):szFS_Samples=0
BPred(3)_RAS:nHit=0
BPred(3)_RAS:nMiss=0
BPred(3):nBranches=0
BPred(3):nTaken=0
BPred(3):nMiss=0
BPred(3)_Hybrid:nHit=0
BPred(3)_Hybrid:nMiss=0
BPred(3)_BTB:nHit=0
BPred(3)_BTB:nMiss=0
END GStats::report Final
OSSim:endTime=Wed Oct 14 23:04:47 2020

